#
# A fatal error has been detected by the Java Runtime Environment:
#
#  SIGSEGV (0xb) at pc=0x000000010fd4f0cc, pid=1873, tid=775
#
# JRE version: Java(TM) SE Runtime Environment (9.0+11) (build 9.0.1+11)
# Java VM: Java HotSpot(TM) 64-Bit Server VM (9.0.1+11, mixed mode, tiered, compressed oops, g1 gc, bsd-amd64)
# Problematic frame:
# C  [libosxapp.dylib+0x20cc]  -[NSApplicationAWT sendEvent:]+0x179
#
# No core dump will be written. Core dumps have been disabled. To enable core dumping, try "ulimit -c unlimited" before starting Java again
#
# If you would like to submit a bug report, please visit:
#   http://bugreport.java.com/bugreport/crash.jsp
# The crash happened outside the Java Virtual Machine in native code.
# See problematic frame for where to report the bug.
#

---------------  S U M M A R Y ------------

Command Line: -javaagent:/Applications/IntelliJ IDEA.app/Contents/lib/idea_rt.jar=53928:/Applications/IntelliJ IDEA.app/Contents/bin -Dfile.encoding=UTF-8 Hierarchical

Host: MacBookPro11,1 x86_64 3000 MHz, 4 cores, 16G, Darwin 17.4.0
Time: Thu Mar  1 14:40:03 2018 EST elapsed time: 70 seconds (0d 0h 1m 10s)

---------------  T H R E A D  ---------------

Current thread (0x00007fe8f9b51800):  JavaThread "AppKit Thread" daemon [_thread_in_native, id=775, stack(0x00007ffeeea1a000,0x00007ffeef21a000)]

Stack: [0x00007ffeeea1a000,0x00007ffeef21a000],  sp=0x00007ffeef2175b0,  free space=8181k
Native frames: (J=compiled Java code, A=aot compiled Java code, j=interpreted, Vv=VM code, C=native code)
C  [libosxapp.dylib+0x20cc]  -[NSApplicationAWT sendEvent:]+0x179
C  [AppKit+0x36d9d]  -[NSApplication run]+0x32c
C  [libosxapp.dylib+0x1d3a]  +[NSApplicationAWT runAWTLoopWithApp:]+0x9d
C  [libawt_lwawt.dylib+0x3a544]  +[AWTStarter starter:headless:]+0x342
C  [JavaNativeFoundation+0x6f4a]  +[JNFRunLoop _performCopiedBlock:]+0x11
C  [Foundation+0x681c5]  __NSThreadPerformPerform+0x14e
C  [CoreFoundation+0xa3721]  __CFRUNLOOP_IS_CALLING_OUT_TO_A_SOURCE0_PERFORM_FUNCTION__+0x11
C  [CoreFoundation+0x15d0ac]  __CFRunLoopDoSource0+0x6c
C  [CoreFoundation+0x86260]  __CFRunLoopDoSources0+0xd0
C  [CoreFoundation+0x856dd]  __CFRunLoopRun+0x50d
C  [CoreFoundation+0x84f43]  CFRunLoopRunSpecific+0x1e3
C  [java+0x6b2e]  CreateExecutionEnvironment+0x35c
C  [java+0x2c65]  JLI_Launch+0x5a9
C  [java+0x1b62]  main+0x186
C  [java+0x19d4]  start+0x34
C  0x0000000000000006


siginfo: si_signo: 11 (SIGSEGV), si_code: 1 (SEGV_MAPERR), si_addr: 0x0000000000000010

Register to memory mapping:

RAX=0x0000000000000000 is an unknown value
RBX=0x0000000000000000 is an unknown value
RCX=0x000000000021e000 is an unknown value
RDX=0x000000000021e000 is an unknown value
RSP=0x00007ffeef2175b0 is pointing into the stack for thread: 0x00007fe8f9b51800
RBP=0x00007ffeef2175e0 is pointing into the stack for thread: 0x00007fe8f9b51800
RSI=0x00007fff480c03ac: .str.41.llvm.371263A9+0x4a636 in /System/Library/Frameworks/AppKit.framework/Versions/C/AppKit at 0x00007fff473e0000
RDI=0x0000000000000000 is an unknown value
R8 =0x000000000000003f is an unknown value
R9 =0x00007fe8fd151140 is an unknown value
R10=0x007b3701007b4600 is an unknown value
R11=0x00007fff4758cc27: -[NSEvent data1]+0 in /System/Library/Frameworks/AppKit.framework/Versions/C/AppKit at 0x00007fff473e0000
R12=0x00007fe8fd151140 is an unknown value
R13=0x00007fe8f86b1540 is an unknown value
R14=0x00007fff70b54e80: objc_msgSend+0 in /usr/lib/libobjc.A.dylib at 0x00007fff70b4e000
R15=0x00007fe8f8447350 is an unknown value


Registers:
RAX=0x0000000000000000, RBX=0x0000000000000000, RCX=0x000000000021e000, RDX=0x000000000021e000
RSP=0x00007ffeef2175b0, RBP=0x00007ffeef2175e0, RSI=0x00007fff480c03ac, RDI=0x0000000000000000
R8 =0x000000000000003f, R9 =0x00007fe8fd151140, R10=0x007b3701007b4600, R11=0x00007fff4758cc27
R12=0x00007fe8fd151140, R13=0x00007fe8f86b1540, R14=0x00007fff70b54e80, R15=0x00007fe8f8447350
RIP=0x000000010fd4f0cc, EFLAGS=0x0000000000010246, ERR=0x0000000000000004
  TRAPNO=0x000000000000000e

Top of Stack: (sp=0x00007ffeef2175b0)
0x00007ffeef2175b0:   00007ffeef2175d0 ffff801702eaeec0
0x00007ffeef2175c0:   00007fff70b54e80 00007fff70b54e80
0x00007ffeef2175d0:   0000000000000001 00007fe8f8447350
0x00007ffeef2175e0:   00007ffeef217690 00007fff47416d9d
0x00007ffeef2175f0:   00007fff480b93d8 00007fe8f8447350
0x00007ffeef217600:   00007fff480b20a7 00007fff480ba2c5
0x00007ffeef217610:   00007fffa40cd178 00007fff480b0d04
0x00007ffeef217620:   00007fff480b09da 0000000000000010
0x00007ffeef217630:   00007fff480b01ca 00007fff480c03b2
0x00007ffeef217640:   00007fff480b0058 00007fff480b09f4
0x00007ffeef217650:   00007fff480b0a20 0000000000000062
0x00007ffeef217660:   00007fff480b0afe 00007fe8f8447350
0x00007ffeef217670:   00007fff70b54e80 000000010fd53690
0x00007ffeef217680:   00007fff480b93d8 000000010fd536b0
0x00007ffeef217690:   00007ffeef2176d0 000000010fd4ed3a
0x00007ffeef2176a0:   0000000000000000 00007fe8f8455530
0x00007ffeef2176b0:   00007fff70b54e80 00007fe8f8447350
0x00007ffeef2176c0:   00007fe8f8672490 0000000000000000
0x00007ffeef2176d0:   00007ffeef217720 000000012a7da544
0x00007ffeef2176e0:   00007fe8f8447350 0000000000000000
0x00007ffeef2176f0:   00007fe8f8672490 00007fe8f868f660
0x00007ffeef217700:   00007fe8f850de30 00007fff480b0058
0x00007ffeef217710:   00007fe8f868f890 0000000000000000
0x00007ffeef217720:   00007ffeef217740 00007fff4da1ef4a
0x00007ffeef217730:   0000000000000018 0000000000000001
0x00007ffeef217740:   00007ffeef2177c0 00007fff4bf581c5
0x00007ffeef217750:   0000000000000001 00007fff480b0137
0x00007ffeef217760:   00007fe8f850de30 00007fe8f868fb70
0x00007ffeef217770:   00007fff480b7539 00007fff4810a513
0x00007ffeef217780:   00007fff480b753e 00007fff480b01ca
0x00007ffeef217790:   00007ffeef2177d0 00007fff4bf58077
0x00007ffeef2177a0:   0000000300002e88 0000000000000000 

Instructions: (pc=0x000000010fd4f0cc)
0x000000010fd4f0ac:   41 5f 5d c3 48 8b 35 51 58 00 00 4c 8b 35 ca 3f
0x000000010fd4f0bc:   00 00 48 89 df 41 ff d6 48 89 c3 31 c0 48 89 df
0x000000010fd4f0cc:   ff 53 10 48 8b 35 1a 56 00 00 48 89 df 4c 89 f0
0x000000010fd4f0dc:   48 83 c4 18 5b 41 5e 41 5f 5d ff e0 55 48 89 e5 


---------------  P R O C E S S  ---------------

Java Threads: ( => current thread )
  0x00007fe8fca6c000 JavaThread "DestroyJavaVM" [_thread_blocked, id=6147, stack(0x000070000be0b000,0x000070000bf0b000)]
  0x00007fe8fd909800 JavaThread "main-FPSAWTAnimator#00-Timer0" [_thread_blocked, id=71699, stack(0x000070000dd71000,0x000070000de71000)]
  0x00007fe8f8c4c000 JavaThread "AWT-EventQueue-0" [_thread_in_vm, id=57879, stack(0x000070000dc6e000,0x000070000dd6e000)]
  0x00007fe8f9cb3000 JavaThread "AWT-Shutdown" [_thread_blocked, id=35387, stack(0x000070000d759000,0x000070000d859000)]
  0x00007fe8f88f0000 JavaThread "Java2D Disposer" daemon [_thread_blocked, id=77059, stack(0x000070000db6b000,0x000070000dc6b000)]
  0x00007fe8f88dc800 JavaThread "Java2D Queue Flusher" daemon [_thread_blocked, id=49711, stack(0x000070000da68000,0x000070000db68000)]
=>0x00007fe8f9b51800 JavaThread "AppKit Thread" daemon [_thread_in_native, id=775, stack(0x00007ffeeea1a000,0x00007ffeef21a000)]
  0x00007fe8f987a000 JavaThread "Service Thread" daemon [_thread_blocked, id=23811, stack(0x000070000d44d000,0x000070000d54d000)]
  0x00007fe8f8869800 JavaThread "Monitor Ctrl-Break" daemon [_thread_in_native, id=42755, stack(0x000070000d34a000,0x000070000d44a000)]
  0x00007fe8f8839000 JavaThread "Common-Cleaner" daemon [_thread_blocked, id=23299, stack(0x000070000d247000,0x000070000d347000)]
  0x00007fe8f8825800 JavaThread "Sweeper thread" daemon [_thread_blocked, id=43011, stack(0x000070000d144000,0x000070000d244000)]
  0x00007fe8f8825000 JavaThread "C1 CompilerThread2" daemon [_thread_blocked, id=22787, stack(0x000070000d041000,0x000070000d141000)]
  0x00007fe8f9813800 JavaThread "C2 CompilerThread1" daemon [_thread_blocked, id=22275, stack(0x000070000cf3e000,0x000070000d03e000)]
  0x00007fe8f9808000 JavaThread "C2 CompilerThread0" daemon [_thread_blocked, id=21763, stack(0x000070000ce3b000,0x000070000cf3b000)]
  0x00007fe8fa08f000 JavaThread "Signal Dispatcher" daemon [_thread_blocked, id=15879, stack(0x000070000cd38000,0x000070000ce38000)]
  0x00007fe8f9000800 JavaThread "Finalizer" daemon [_thread_blocked, id=13315, stack(0x000070000cc35000,0x000070000cd35000)]
  0x00007fe8fa04b000 JavaThread "Reference Handler" daemon [_thread_blocked, id=17155, stack(0x000070000cb32000,0x000070000cc32000)]

Other Threads:
  0x00007fe8f8813000 VMThread "VM Thread" [stack: 0x000070000ca2f000,0x000070000cb2f000] [id=17667]
  0x00007fe8f886c800 WatcherThread [stack: 0x000070000d550000,0x000070000d650000] [id=24323]
  0x00007fe8f8803800 GCTaskThread "GC Thread#0" [stack: 0x000070000bf0e000,0x000070000c00e000] [id=10755]
  0x00007fe8f881d800 GCTaskThread "GC Thread#1" [stack: 0x000070000c011000,0x000070000c111000] [id=11011]
  0x00007fe8f881e000 GCTaskThread "GC Thread#2" [stack: 0x000070000c114000,0x000070000c214000] [id=21251]
  0x00007fe8f9802000 GCTaskThread "GC Thread#3" [stack: 0x000070000c217000,0x000070000c317000] [id=20739]
  0x00007fe8fa031800 ConcurrentGCThread "G1 Main Marker" [stack: 0x000070000c829000,0x000070000c929000] [id=18691]
  0x00007fe8f900c000 ConcurrentGCThread "G1 Marker#0" [stack: 0x000070000c92c000,0x000070000ca2c000] [id=17923]
  0x00007fe8fa015000 ConcurrentGCThread "G1 Refine#0" [stack: 0x000070000c623000,0x000070000c723000] [id=19459]
  0x00007fe8f900b000 ConcurrentGCThread "G1 Refine#1" [stack: 0x000070000c520000,0x000070000c620000] [id=12035]
  0x00007fe8fa014800 ConcurrentGCThread "G1 Refine#2" [stack: 0x000070000c41d000,0x000070000c51d000] [id=20227]
  0x00007fe8f900a800 ConcurrentGCThread "G1 Refine#3" [stack: 0x000070000c31a000,0x000070000c41a000] [id=11779]
  0x00007fe8fa016000 ConcurrentGCThread "G1 Young RemSet Sampling" [stack: 0x000070000c726000,0x000070000c826000] [id=19203]

Threads with active compile tasks:

VM state:not at safepoint (normal execution)

VM Mutex/Monitor currently owned by a thread: None

Heap address: 0x00000006c0000000, size: 4096 MB, Compressed Oops mode: Zero based, Oop shift amount: 3
Narrow klass base: 0x0000000000000000, Narrow klass shift: 3
Compressed class space size: 1073741824 Address: 0x00000007c0000000

Heap:
 garbage-first heap   total 371712K, used 30365K [0x00000006c0000000, 0x00000006c0100b58, 0x00000007c0000000)
  region size 1024K, 23 young (23552K), 9 survivors (9216K)
 Metaspace       used 20412K, capacity 21174K, committed 21552K, reserved 1069056K
  class space    used 1908K, capacity 2088K, committed 2176K, reserved 1048576K
Heap Regions: E=young(eden), S=young(survivor), O=old, HS=humongous(starts), HC=humongous(continues), CS=collection set, F=free, A=archive, TS=gc time stamp, AC=allocation context, TAMS=top-at-mark-start (previous, next)
|   0|0x00000006c0000000, 0x00000006c0100000, 0x00000006c0100000|100%| O|  |TS  0|AC  0|TAMS 0x00000006c0100000, 0x00000006c0100000|
|   1|0x00000006c0100000, 0x00000006c0100000, 0x00000006c0200000|  0%| F|  |TS  0|AC  0|TAMS 0x00000006c0100000, 0x00000006c0100000|
|   2|0x00000006c0200000, 0x00000006c0200000, 0x00000006c0300000|  0%| F|  |TS  0|AC  0|TAMS 0x00000006c0200000, 0x00000006c0200000|
|   3|0x00000006c0300000, 0x00000006c0300000, 0x00000006c0400000|  0%| F|  |TS  0|AC  0|TAMS 0x00000006c0300000, 0x00000006c0300000|
|   4|0x00000006c0400000, 0x00000006c0400000, 0x00000006c0500000|  0%| F|  |TS  0|AC  0|TAMS 0x00000006c0400000, 0x00000006c0400000|
|   5|0x00000006c0500000, 0x00000006c0500000, 0x00000006c0600000|  0%| F|  |TS  0|AC  0|TAMS 0x00000006c0500000, 0x00000006c0500000|
|   6|0x00000006c0600000, 0x00000006c0600000, 0x00000006c0700000|  0%| F|  |TS  0|AC  0|TAMS 0x00000006c0600000, 0x00000006c0600000|
|   7|0x00000006c0700000, 0x00000006c0700000, 0x00000006c0800000|  0%| F|  |TS  0|AC  0|TAMS 0x00000006c0700000, 0x00000006c0700000|
|   8|0x00000006c0800000, 0x00000006c0800000, 0x00000006c0900000|  0%| F|  |TS  0|AC  0|TAMS 0x00000006c0800000, 0x00000006c0800000|
|   9|0x00000006c0900000, 0x00000006c0900000, 0x00000006c0a00000|  0%| F|  |TS  0|AC  0|TAMS 0x00000006c0900000, 0x00000006c0900000|
|  10|0x00000006c0a00000, 0x00000006c0a00000, 0x00000006c0b00000|  0%| F|  |TS  0|AC  0|TAMS 0x00000006c0a00000, 0x00000006c0a00000|
|  11|0x00000006c0b00000, 0x00000006c0b00000, 0x00000006c0c00000|  0%| F|  |TS  0|AC  0|TAMS 0x00000006c0b00000, 0x00000006c0b00000|
|  12|0x00000006c0c00000, 0x00000006c0c00000, 0x00000006c0d00000|  0%| F|  |TS  0|AC  0|TAMS 0x00000006c0c00000, 0x00000006c0c00000|
|  13|0x00000006c0d00000, 0x00000006c0d00000, 0x00000006c0e00000|  0%| F|  |TS  0|AC  0|TAMS 0x00000006c0d00000, 0x00000006c0d00000|
|  14|0x00000006c0e00000, 0x00000006c0f00000, 0x00000006c0f00000|100%| O|  |TS  0|AC  0|TAMS 0x00000006c0f00000, 0x00000006c0f00000|
|  15|0x00000006c0f00000, 0x00000006c1000000, 0x00000006c1000000|100%| O|  |TS  0|AC  0|TAMS 0x00000006c1000000, 0x00000006c1000000|
|  16|0x00000006c1000000, 0x00000006c1100000, 0x00000006c1100000|100%| O|  |TS  0|AC  0|TAMS 0x00000006c1100000, 0x00000006c1100000|
|  17|0x00000006c1100000, 0x00000006c1200000, 0x00000006c1200000|100%| O|  |TS  0|AC  0|TAMS 0x00000006c1200000, 0x00000006c1200000|
|  18|0x00000006c1200000, 0x00000006c1200000, 0x00000006c1300000|  0%| F|  |TS  0|AC  0|TAMS 0x00000006c1200000, 0x00000006c1200000|
|  19|0x00000006c1300000, 0x00000006c1300000, 0x00000006c1400000|  0%| F|  |TS  0|AC  0|TAMS 0x00000006c1300000, 0x00000006c1300000|
|  20|0x00000006c1400000, 0x00000006c1400000, 0x00000006c1500000|  0%| F|  |TS  0|AC  0|TAMS 0x00000006c1400000, 0x00000006c1400000|
|  21|0x00000006c1500000, 0x00000006c1500000, 0x00000006c1600000|  0%| F|  |TS  0|AC  0|TAMS 0x00000006c1500000, 0x00000006c1500000|
|  22|0x00000006c1600000, 0x00000006c1600000, 0x00000006c1700000|  0%| F|  |TS  0|AC  0|TAMS 0x00000006c1600000, 0x00000006c1600000|
|  23|0x00000006c1700000, 0x00000006c1700000, 0x00000006c1800000|  0%| F|  |TS  0|AC  0|TAMS 0x00000006c1700000, 0x00000006c1700000|
|  24|0x00000006c1800000, 0x00000006c1800000, 0x00000006c1900000|  0%| F|  |TS  0|AC  0|TAMS 0x00000006c1800000, 0x00000006c1800000|
|  25|0x00000006c1900000, 0x00000006c1900000, 0x00000006c1a00000|  0%| F|  |TS  0|AC  0|TAMS 0x00000006c1900000, 0x00000006c1900000|
|  26|0x00000006c1a00000, 0x00000006c1a00000, 0x00000006c1b00000|  0%| F|  |TS  0|AC  0|TAMS 0x00000006c1a00000, 0x00000006c1a00000|
|  27|0x00000006c1b00000, 0x00000006c1b00000, 0x00000006c1c00000|  0%| F|  |TS  0|AC  0|TAMS 0x00000006c1b00000, 0x00000006c1b00000|
|  28|0x00000006c1c00000, 0x00000006c1d00000, 0x00000006c1d00000|100%| O|  |TS  0|AC  0|TAMS 0x00000006c1d00000, 0x00000006c1d00000|
|  29|0x00000006c1d00000, 0x00000006c1e00000, 0x00000006c1e00000|100%| O|  |TS  0|AC  0|TAMS 0x00000006c1e00000, 0x00000006c1e00000|
|  30|0x00000006c1e00000, 0x00000006c1e00000, 0x00000006c1f00000|  0%| F|  |TS  0|AC  0|TAMS 0x00000006c1e00000, 0x00000006c1e00000|
|  31|0x00000006c1f00000, 0x00000006c2000000, 0x00000006c2000000|100%| O|  |TS  0|AC  0|TAMS 0x00000006c2000000, 0x00000006c2000000|
|  32|0x00000006c2000000, 0x00000006c2000000, 0x00000006c2100000|  0%| F|  |TS  0|AC  0|TAMS 0x00000006c2000000, 0x00000006c2000000|
|  33|0x00000006c2100000, 0x00000006c2100000, 0x00000006c2200000|  0%| F|  |TS  0|AC  0|TAMS 0x00000006c2100000, 0x00000006c2100000|
|  34|0x00000006c2200000, 0x00000006c2200000, 0x00000006c2300000|  0%| F|  |TS  0|AC  0|TAMS 0x00000006c2200000, 0x00000006c2200000|
|  35|0x00000006c2300000, 0x00000006c2300000, 0x00000006c2400000|  0%| F|  |TS  0|AC  0|TAMS 0x00000006c2300000, 0x00000006c2300000|
|  36|0x00000006c2400000, 0x00000006c2400000, 0x00000006c2500000|  0%| F|  |TS  0|AC  0|TAMS 0x00000006c2400000, 0x00000006c2400000|
|  37|0x00000006c2500000, 0x00000006c2500000, 0x00000006c2600000|  0%| F|  |TS  0|AC  0|TAMS 0x00000006c2500000, 0x00000006c2500000|
|  38|0x00000006c2600000, 0x00000006c2600000, 0x00000006c2700000|  0%| F|  |TS  0|AC  0|TAMS 0x00000006c2600000, 0x00000006c2600000|
|  39|0x00000006c2700000, 0x00000006c2700000, 0x00000006c2800000|  0%| F|  |TS  0|AC  0|TAMS 0x00000006c2700000, 0x00000006c2700000|
|  40|0x00000006c2800000, 0x00000006c2800000, 0x00000006c2900000|  0%| F|  |TS  0|AC  0|TAMS 0x00000006c2800000, 0x00000006c2800000|
|  41|0x00000006c2900000, 0x00000006c2900000, 0x00000006c2a00000|  0%| F|  |TS  0|AC  0|TAMS 0x00000006c2900000, 0x00000006c2900000|
|  42|0x00000006c2a00000, 0x00000006c2a00000, 0x00000006c2b00000|  0%| F|  |TS  0|AC  0|TAMS 0x00000006c2a00000, 0x00000006c2a00000|
|  43|0x00000006c2b00000, 0x00000006c2b00000, 0x00000006c2c00000|  0%| F|  |TS  0|AC  0|TAMS 0x00000006c2b00000, 0x00000006c2b00000|
|  44|0x00000006c2c00000, 0x00000006c2c00000, 0x00000006c2d00000|  0%| F|  |TS  0|AC  0|TAMS 0x00000006c2c00000, 0x00000006c2c00000|
|  45|0x00000006c2d00000, 0x00000006c2d00000, 0x00000006c2e00000|  0%| F|  |TS  0|AC  0|TAMS 0x00000006c2d00000, 0x00000006c2d00000|
|  46|0x00000006c2e00000, 0x00000006c2e00000, 0x00000006c2f00000|  0%| F|  |TS  0|AC  0|TAMS 0x00000006c2e00000, 0x00000006c2e00000|
|  47|0x00000006c2f00000, 0x00000006c2f00000, 0x00000006c3000000|  0%| F|  |TS  0|AC  0|TAMS 0x00000006c2f00000, 0x00000006c2f00000|
|  48|0x00000006c3000000, 0x00000006c3000000, 0x00000006c3100000|  0%| F|  |TS  0|AC  0|TAMS 0x00000006c3000000, 0x00000006c3000000|
|  49|0x00000006c3100000, 0x00000006c3100000, 0x00000006c3200000|  0%| F|  |TS  0|AC  0|TAMS 0x00000006c3100000, 0x00000006c3100000|
|  50|0x00000006c3200000, 0x00000006c3200000, 0x00000006c3300000|  0%| F|  |TS  0|AC  0|TAMS 0x00000006c3200000, 0x00000006c3200000|
|  51|0x00000006c3300000, 0x00000006c3300000, 0x00000006c3400000|  0%| F|  |TS  0|AC  0|TAMS 0x00000006c3300000, 0x00000006c3300000|
|  52|0x00000006c3400000, 0x00000006c3400000, 0x00000006c3500000|  0%| F|  |TS  0|AC  0|TAMS 0x00000006c3400000, 0x00000006c3400000|
|  53|0x00000006c3500000, 0x00000006c3500000, 0x00000006c3600000|  0%| F|  |TS  0|AC  0|TAMS 0x00000006c3500000, 0x00000006c3500000|
|  54|0x00000006c3600000, 0x00000006c3600000, 0x00000006c3700000|  0%| F|  |TS  0|AC  0|TAMS 0x00000006c3600000, 0x00000006c3600000|
|  55|0x00000006c3700000, 0x00000006c3700000, 0x00000006c3800000|  0%| F|  |TS  0|AC  0|TAMS 0x00000006c3700000, 0x00000006c3700000|
|  56|0x00000006c3800000, 0x00000006c3800000, 0x00000006c3900000|  0%| F|  |TS  0|AC  0|TAMS 0x00000006c3800000, 0x00000006c3800000|
|  57|0x00000006c3900000, 0x00000006c3900000, 0x00000006c3a00000|  0%| F|  |TS  0|AC  0|TAMS 0x00000006c3900000, 0x00000006c3900000|
|  58|0x00000006c3a00000, 0x00000006c3a00000, 0x00000006c3b00000|  0%| F|  |TS  0|AC  0|TAMS 0x00000006c3a00000, 0x00000006c3a00000|
|  59|0x00000006c3b00000, 0x00000006c3b00000, 0x00000006c3c00000|  0%| F|  |TS  0|AC  0|TAMS 0x00000006c3b00000, 0x00000006c3b00000|
|  60|0x00000006c3c00000, 0x00000006c3c00000, 0x00000006c3d00000|  0%| F|  |TS  0|AC  0|TAMS 0x00000006c3c00000, 0x00000006c3c00000|
|  61|0x00000006c3d00000, 0x00000006c3d00000, 0x00000006c3e00000|  0%| F|  |TS  0|AC  0|TAMS 0x00000006c3d00000, 0x00000006c3d00000|
|  62|0x00000006c3e00000, 0x00000006c3e00000, 0x00000006c3f00000|  0%| F|  |TS  0|AC  0|TAMS 0x00000006c3e00000, 0x00000006c3e00000|
|  63|0x00000006c3f00000, 0x00000006c3f00000, 0x00000006c4000000|  0%| F|  |TS  0|AC  0|TAMS 0x00000006c3f00000, 0x00000006c3f00000|
|  64|0x00000006c4000000, 0x00000006c4000000, 0x00000006c4100000|  0%| F|  |TS  0|AC  0|TAMS 0x00000006c4000000, 0x00000006c4000000|
|  65|0x00000006c4100000, 0x00000006c4100000, 0x00000006c4200000|  0%| F|  |TS  0|AC  0|TAMS 0x00000006c4100000, 0x00000006c4100000|
|  66|0x00000006c4200000, 0x00000006c4200000, 0x00000006c4300000|  0%| F|  |TS  0|AC  0|TAMS 0x00000006c4200000, 0x00000006c4200000|
|  67|0x00000006c4300000, 0x00000006c4300000, 0x00000006c4400000|  0%| F|  |TS  0|AC  0|TAMS 0x00000006c4300000, 0x00000006c4300000|
|  68|0x00000006c4400000, 0x00000006c4400000, 0x00000006c4500000|  0%| F|  |TS  0|AC  0|TAMS 0x00000006c4400000, 0x00000006c4400000|
|  69|0x00000006c4500000, 0x00000006c4500000, 0x00000006c4600000|  0%| F|  |TS  0|AC  0|TAMS 0x00000006c4500000, 0x00000006c4500000|
|  70|0x00000006c4600000, 0x00000006c4600000, 0x00000006c4700000|  0%| F|  |TS  0|AC  0|TAMS 0x00000006c4600000, 0x00000006c4600000|
|  71|0x00000006c4700000, 0x00000006c4700000, 0x00000006c4800000|  0%| F|  |TS  0|AC  0|TAMS 0x00000006c4700000, 0x00000006c4700000|
|  72|0x00000006c4800000, 0x00000006c4800000, 0x00000006c4900000|  0%| F|  |TS  0|AC  0|TAMS 0x00000006c4800000, 0x00000006c4800000|
|  73|0x00000006c4900000, 0x00000006c4900000, 0x00000006c4a00000|  0%| F|  |TS  0|AC  0|TAMS 0x00000006c4900000, 0x00000006c4900000|
|  74|0x00000006c4a00000, 0x00000006c4a00000, 0x00000006c4b00000|  0%| F|  |TS  0|AC  0|TAMS 0x00000006c4a00000, 0x00000006c4a00000|
|  75|0x00000006c4b00000, 0x00000006c4b00000, 0x00000006c4c00000|  0%| F|  |TS  0|AC  0|TAMS 0x00000006c4b00000, 0x00000006c4b00000|
|  76|0x00000006c4c00000, 0x00000006c4c00000, 0x00000006c4d00000|  0%| F|  |TS  0|AC  0|TAMS 0x00000006c4c00000, 0x00000006c4c00000|
|  77|0x00000006c4d00000, 0x00000006c4d00000, 0x00000006c4e00000|  0%| F|  |TS  0|AC  0|TAMS 0x00000006c4d00000, 0x00000006c4d00000|
|  78|0x00000006c4e00000, 0x00000006c4e00000, 0x00000006c4f00000|  0%| F|  |TS  0|AC  0|TAMS 0x00000006c4e00000, 0x00000006c4e00000|
|  79|0x00000006c4f00000, 0x00000006c4f00000, 0x00000006c5000000|  0%| F|  |TS  0|AC  0|TAMS 0x00000006c4f00000, 0x00000006c4f00000|
|  80|0x00000006c5000000, 0x00000006c5000000, 0x00000006c5100000|  0%| F|  |TS  0|AC  0|TAMS 0x00000006c5000000, 0x00000006c5000000|
|  81|0x00000006c5100000, 0x00000006c5100000, 0x00000006c5200000|  0%| F|  |TS  0|AC  0|TAMS 0x00000006c5100000, 0x00000006c5100000|
|  82|0x00000006c5200000, 0x00000006c5200000, 0x00000006c5300000|  0%| F|  |TS  0|AC  0|TAMS 0x00000006c5200000, 0x00000006c5200000|
|  83|0x00000006c5300000, 0x00000006c5300000, 0x00000006c5400000|  0%| F|  |TS  0|AC  0|TAMS 0x00000006c5300000, 0x00000006c5300000|
|  84|0x00000006c5400000, 0x00000006c5400000, 0x00000006c5500000|  0%| F|  |TS  0|AC  0|TAMS 0x00000006c5400000, 0x00000006c5400000|
|  85|0x00000006c5500000, 0x00000006c5500000, 0x00000006c5600000|  0%| F|  |TS  0|AC  0|TAMS 0x00000006c5500000, 0x00000006c5500000|
|  86|0x00000006c5600000, 0x00000006c5600000, 0x00000006c5700000|  0%| F|  |TS  0|AC  0|TAMS 0x00000006c5600000, 0x00000006c5600000|
|  87|0x00000006c5700000, 0x00000006c5700000, 0x00000006c5800000|  0%| F|  |TS  0|AC  0|TAMS 0x00000006c5700000, 0x00000006c5700000|
|  88|0x00000006c5800000, 0x00000006c5800000, 0x00000006c5900000|  0%| F|  |TS  0|AC  0|TAMS 0x00000006c5800000, 0x00000006c5800000|
|  89|0x00000006c5900000, 0x00000006c5900000, 0x00000006c5a00000|  0%| F|  |TS  0|AC  0|TAMS 0x00000006c5900000, 0x00000006c5900000|
|  90|0x00000006c5a00000, 0x00000006c5a00000, 0x00000006c5b00000|  0%| F|  |TS  0|AC  0|TAMS 0x00000006c5a00000, 0x00000006c5a00000|
|  91|0x00000006c5b00000, 0x00000006c5b00000, 0x00000006c5c00000|  0%| F|  |TS  0|AC  0|TAMS 0x00000006c5b00000, 0x00000006c5b00000|
|  92|0x00000006c5c00000, 0x00000006c5c00000, 0x00000006c5d00000|  0%| F|  |TS  0|AC  0|TAMS 0x00000006c5c00000, 0x00000006c5c00000|
|  93|0x00000006c5d00000, 0x00000006c5d00000, 0x00000006c5e00000|  0%| F|  |TS  0|AC  0|TAMS 0x00000006c5d00000, 0x00000006c5d00000|
|  94|0x00000006c5e00000, 0x00000006c5e00000, 0x00000006c5f00000|  0%| F|  |TS  0|AC  0|TAMS 0x00000006c5e00000, 0x00000006c5e00000|
|  95|0x00000006c5f00000, 0x00000006c5f00000, 0x00000006c6000000|  0%| F|  |TS  0|AC  0|TAMS 0x00000006c5f00000, 0x00000006c5f00000|
|  96|0x00000006c6000000, 0x00000006c6000000, 0x00000006c6100000|  0%| F|  |TS  0|AC  0|TAMS 0x00000006c6000000, 0x00000006c6000000|
|  97|0x00000006c6100000, 0x00000006c6100000, 0x00000006c6200000|  0%| F|  |TS  0|AC  0|TAMS 0x00000006c6100000, 0x00000006c6100000|
|  98|0x00000006c6200000, 0x00000006c6200000, 0x00000006c6300000|  0%| F|  |TS  0|AC  0|TAMS 0x00000006c6200000, 0x00000006c6200000|
|  99|0x00000006c6300000, 0x00000006c6300000, 0x00000006c6400000|  0%| F|  |TS  0|AC  0|TAMS 0x00000006c6300000, 0x00000006c6300000|
| 100|0x00000006c6400000, 0x00000006c6400000, 0x00000006c6500000|  0%| F|  |TS  0|AC  0|TAMS 0x00000006c6400000, 0x00000006c6400000|
| 101|0x00000006c6500000, 0x00000006c6500000, 0x00000006c6600000|  0%| F|  |TS  0|AC  0|TAMS 0x00000006c6500000, 0x00000006c6500000|
| 102|0x00000006c6600000, 0x00000006c6600000, 0x00000006c6700000|  0%| F|  |TS  0|AC  0|TAMS 0x00000006c6600000, 0x00000006c6600000|
| 103|0x00000006c6700000, 0x00000006c6700000, 0x00000006c6800000|  0%| F|  |TS  0|AC  0|TAMS 0x00000006c6700000, 0x00000006c6700000|
| 104|0x00000006c6800000, 0x00000006c6800000, 0x00000006c6900000|  0%| F|  |TS  0|AC  0|TAMS 0x00000006c6800000, 0x00000006c6800000|
| 105|0x00000006c6900000, 0x00000006c6900000, 0x00000006c6a00000|  0%| F|  |TS  0|AC  0|TAMS 0x00000006c6900000, 0x00000006c6900000|
| 106|0x00000006c6a00000, 0x00000006c6a00000, 0x00000006c6b00000|  0%| F|  |TS  0|AC  0|TAMS 0x00000006c6a00000, 0x00000006c6a00000|
| 107|0x00000006c6b00000, 0x00000006c6b00000, 0x00000006c6c00000|  0%| F|  |TS  0|AC  0|TAMS 0x00000006c6b00000, 0x00000006c6b00000|
| 108|0x00000006c6c00000, 0x00000006c6c00000, 0x00000006c6d00000|  0%| F|  |TS  0|AC  0|TAMS 0x00000006c6c00000, 0x00000006c6c00000|
| 109|0x00000006c6d00000, 0x00000006c6d00000, 0x00000006c6e00000|  0%| F|  |TS  0|AC  0|TAMS 0x00000006c6d00000, 0x00000006c6d00000|
| 110|0x00000006c6e00000, 0x00000006c6e00000, 0x00000006c6f00000|  0%| F|  |TS  0|AC  0|TAMS 0x00000006c6e00000, 0x00000006c6e00000|
| 111|0x00000006c6f00000, 0x00000006c6f00000, 0x00000006c7000000|  0%| F|  |TS  0|AC  0|TAMS 0x00000006c6f00000, 0x00000006c6f00000|
| 112|0x00000006c7000000, 0x00000006c7000000, 0x00000006c7100000|  0%| F|  |TS  0|AC  0|TAMS 0x00000006c7000000, 0x00000006c7000000|
| 113|0x00000006c7100000, 0x00000006c7100000, 0x00000006c7200000|  0%| F|  |TS  0|AC  0|TAMS 0x00000006c7100000, 0x00000006c7100000|
| 114|0x00000006c7200000, 0x00000006c7200000, 0x00000006c7300000|  0%| F|  |TS  0|AC  0|TAMS 0x00000006c7200000, 0x00000006c7200000|
| 115|0x00000006c7300000, 0x00000006c7300000, 0x00000006c7400000|  0%| F|  |TS  0|AC  0|TAMS 0x00000006c7300000, 0x00000006c7300000|
| 116|0x00000006c7400000, 0x00000006c7400000, 0x00000006c7500000|  0%| F|  |TS  0|AC  0|TAMS 0x00000006c7400000, 0x00000006c7400000|
| 117|0x00000006c7500000, 0x00000006c7500000, 0x00000006c7600000|  0%| F|  |TS  0|AC  0|TAMS 0x00000006c7500000, 0x00000006c7500000|
| 118|0x00000006c7600000, 0x00000006c7600000, 0x00000006c7700000|  0%| F|  |TS  0|AC  0|TAMS 0x00000006c7600000, 0x00000006c7600000|
| 119|0x00000006c7700000, 0x00000006c7700000, 0x00000006c7800000|  0%| F|  |TS  0|AC  0|TAMS 0x00000006c7700000, 0x00000006c7700000|
| 120|0x00000006c7800000, 0x00000006c7800000, 0x00000006c7900000|  0%| F|  |TS  0|AC  0|TAMS 0x00000006c7800000, 0x00000006c7800000|
| 121|0x00000006c7900000, 0x00000006c7900000, 0x00000006c7a00000|  0%| F|  |TS  0|AC  0|TAMS 0x00000006c7900000, 0x00000006c7900000|
| 122|0x00000006c7a00000, 0x00000006c7a00000, 0x00000006c7b00000|  0%| F|  |TS  0|AC  0|TAMS 0x00000006c7a00000, 0x00000006c7a00000|
| 123|0x00000006c7b00000, 0x00000006c7b00000, 0x00000006c7c00000|  0%| F|  |TS  0|AC  0|TAMS 0x00000006c7b00000, 0x00000006c7b00000|
| 124|0x00000006c7c00000, 0x00000006c7c00000, 0x00000006c7d00000|  0%| F|  |TS  0|AC  0|TAMS 0x00000006c7c00000, 0x00000006c7c00000|
| 125|0x00000006c7d00000, 0x00000006c7d00000, 0x00000006c7e00000|  0%| F|  |TS  0|AC  0|TAMS 0x00000006c7d00000, 0x00000006c7d00000|
| 126|0x00000006c7e00000, 0x00000006c7e00000, 0x00000006c7f00000|  0%| F|  |TS  0|AC  0|TAMS 0x00000006c7e00000, 0x00000006c7e00000|
| 127|0x00000006c7f00000, 0x00000006c7f00000, 0x00000006c8000000|  0%| F|  |TS  0|AC  0|TAMS 0x00000006c7f00000, 0x00000006c7f00000|
| 128|0x00000006c8000000, 0x00000006c8000000, 0x00000006c8100000|  0%| F|  |TS  0|AC  0|TAMS 0x00000006c8000000, 0x00000006c8000000|
| 129|0x00000006c8100000, 0x00000006c8100000, 0x00000006c8200000|  0%| F|  |TS  0|AC  0|TAMS 0x00000006c8100000, 0x00000006c8100000|
| 130|0x00000006c8200000, 0x00000006c8200000, 0x00000006c8300000|  0%| F|  |TS  0|AC  0|TAMS 0x00000006c8200000, 0x00000006c8200000|
| 131|0x00000006c8300000, 0x00000006c8300000, 0x00000006c8400000|  0%| F|  |TS  0|AC  0|TAMS 0x00000006c8300000, 0x00000006c8300000|
| 132|0x00000006c8400000, 0x00000006c8400000, 0x00000006c8500000|  0%| F|  |TS  0|AC  0|TAMS 0x00000006c8400000, 0x00000006c8400000|
| 133|0x00000006c8500000, 0x00000006c8500000, 0x00000006c8600000|  0%| F|  |TS  0|AC  0|TAMS 0x00000006c8500000, 0x00000006c8500000|
| 134|0x00000006c8600000, 0x00000006c8600000, 0x00000006c8700000|  0%| F|  |TS  0|AC  0|TAMS 0x00000006c8600000, 0x00000006c8600000|
| 135|0x00000006c8700000, 0x00000006c8700000, 0x00000006c8800000|  0%| F|  |TS  0|AC  0|TAMS 0x00000006c8700000, 0x00000006c8700000|
| 136|0x00000006c8800000, 0x00000006c8800000, 0x00000006c8900000|  0%| F|  |TS  0|AC  0|TAMS 0x00000006c8800000, 0x00000006c8800000|
| 137|0x00000006c8900000, 0x00000006c8900000, 0x00000006c8a00000|  0%| F|  |TS  0|AC  0|TAMS 0x00000006c8900000, 0x00000006c8900000|
| 138|0x00000006c8a00000, 0x00000006c8a00000, 0x00000006c8b00000|  0%| F|  |TS  0|AC  0|TAMS 0x00000006c8a00000, 0x00000006c8a00000|
| 139|0x00000006c8b00000, 0x00000006c8b00000, 0x00000006c8c00000|  0%| F|  |TS  0|AC  0|TAMS 0x00000006c8b00000, 0x00000006c8b00000|
| 140|0x00000006c8c00000, 0x00000006c8c00000, 0x00000006c8d00000|  0%| F|  |TS  0|AC  0|TAMS 0x00000006c8c00000, 0x00000006c8c00000|
| 141|0x00000006c8d00000, 0x00000006c8d00000, 0x00000006c8e00000|  0%| F|  |TS  0|AC  0|TAMS 0x00000006c8d00000, 0x00000006c8d00000|
| 142|0x00000006c8e00000, 0x00000006c8e00000, 0x00000006c8f00000|  0%| F|  |TS  0|AC  0|TAMS 0x00000006c8e00000, 0x00000006c8e00000|
| 143|0x00000006c8f00000, 0x00000006c8f00000, 0x00000006c9000000|  0%| F|  |TS  0|AC  0|TAMS 0x00000006c8f00000, 0x00000006c8f00000|
| 144|0x00000006c9000000, 0x00000006c9000000, 0x00000006c9100000|  0%| F|  |TS  0|AC  0|TAMS 0x00000006c9000000, 0x00000006c9000000|
| 145|0x00000006c9100000, 0x00000006c9100000, 0x00000006c9200000|  0%| F|  |TS  0|AC  0|TAMS 0x00000006c9100000, 0x00000006c9100000|
| 146|0x00000006c9200000, 0x00000006c9200000, 0x00000006c9300000|  0%| F|  |TS  0|AC  0|TAMS 0x00000006c9200000, 0x00000006c9200000|
| 147|0x00000006c9300000, 0x00000006c9300000, 0x00000006c9400000|  0%| F|  |TS  0|AC  0|TAMS 0x00000006c9300000, 0x00000006c9300000|
| 148|0x00000006c9400000, 0x00000006c9400000, 0x00000006c9500000|  0%| F|  |TS  0|AC  0|TAMS 0x00000006c9400000, 0x00000006c9400000|
| 149|0x00000006c9500000, 0x00000006c9500000, 0x00000006c9600000|  0%| F|  |TS  0|AC  0|TAMS 0x00000006c9500000, 0x00000006c9500000|
| 150|0x00000006c9600000, 0x00000006c9600000, 0x00000006c9700000|  0%| F|  |TS  0|AC  0|TAMS 0x00000006c9600000, 0x00000006c9600000|
| 151|0x00000006c9700000, 0x00000006c9700000, 0x00000006c9800000|  0%| F|  |TS  0|AC  0|TAMS 0x00000006c9700000, 0x00000006c9700000|
| 152|0x00000006c9800000, 0x00000006c9800000, 0x00000006c9900000|  0%| F|  |TS  0|AC  0|TAMS 0x00000006c9800000, 0x00000006c9800000|
| 153|0x00000006c9900000, 0x00000006c9900000, 0x00000006c9a00000|  0%| F|  |TS  0|AC  0|TAMS 0x00000006c9900000, 0x00000006c9900000|
| 154|0x00000006c9a00000, 0x00000006c9a00000, 0x00000006c9b00000|  0%| F|  |TS  0|AC  0|TAMS 0x00000006c9a00000, 0x00000006c9a00000|
| 155|0x00000006c9b00000, 0x00000006c9b00000, 0x00000006c9c00000|  0%| F|  |TS  0|AC  0|TAMS 0x00000006c9b00000, 0x00000006c9b00000|
| 156|0x00000006c9c00000, 0x00000006c9c00000, 0x00000006c9d00000|  0%| F|  |TS  0|AC  0|TAMS 0x00000006c9c00000, 0x00000006c9c00000|
| 157|0x00000006c9d00000, 0x00000006c9d00000, 0x00000006c9e00000|  0%| F|  |TS  0|AC  0|TAMS 0x00000006c9d00000, 0x00000006c9d00000|
| 158|0x00000006c9e00000, 0x00000006c9e00000, 0x00000006c9f00000|  0%| F|  |TS  0|AC  0|TAMS 0x00000006c9e00000, 0x00000006c9e00000|
| 159|0x00000006c9f00000, 0x00000006c9f00000, 0x00000006ca000000|  0%| F|  |TS  0|AC  0|TAMS 0x00000006c9f00000, 0x00000006c9f00000|
| 160|0x00000006ca000000, 0x00000006ca000000, 0x00000006ca100000|  0%| F|  |TS  0|AC  0|TAMS 0x00000006ca000000, 0x00000006ca000000|
| 161|0x00000006ca100000, 0x00000006ca100000, 0x00000006ca200000|  0%| F|  |TS  0|AC  0|TAMS 0x00000006ca100000, 0x00000006ca100000|
| 162|0x00000006ca200000, 0x00000006ca200000, 0x00000006ca300000|  0%| F|  |TS  0|AC  0|TAMS 0x00000006ca200000, 0x00000006ca200000|
| 163|0x00000006ca300000, 0x00000006ca300000, 0x00000006ca400000|  0%| F|  |TS  0|AC  0|TAMS 0x00000006ca300000, 0x00000006ca300000|
| 164|0x00000006ca400000, 0x00000006ca400000, 0x00000006ca500000|  0%| F|  |TS  0|AC  0|TAMS 0x00000006ca400000, 0x00000006ca400000|
| 165|0x00000006ca500000, 0x00000006ca500000, 0x00000006ca600000|  0%| F|  |TS  0|AC  0|TAMS 0x00000006ca500000, 0x00000006ca500000|
| 166|0x00000006ca600000, 0x00000006ca600000, 0x00000006ca700000|  0%| F|  |TS  0|AC  0|TAMS 0x00000006ca600000, 0x00000006ca600000|
| 167|0x00000006ca700000, 0x00000006ca700000, 0x00000006ca800000|  0%| F|  |TS  0|AC  0|TAMS 0x00000006ca700000, 0x00000006ca700000|
| 168|0x00000006ca800000, 0x00000006ca800000, 0x00000006ca900000|  0%| F|  |TS  0|AC  0|TAMS 0x00000006ca800000, 0x00000006ca800000|
| 169|0x00000006ca900000, 0x00000006ca900000, 0x00000006caa00000|  0%| F|  |TS  0|AC  0|TAMS 0x00000006ca900000, 0x00000006ca900000|
| 170|0x00000006caa00000, 0x00000006caa00000, 0x00000006cab00000|  0%| F|  |TS  0|AC  0|TAMS 0x00000006caa00000, 0x00000006caa00000|
| 171|0x00000006cab00000, 0x00000006cab00000, 0x00000006cac00000|  0%| F|  |TS  0|AC  0|TAMS 0x00000006cab00000, 0x00000006cab00000|
| 172|0x00000006cac00000, 0x00000006cac00000, 0x00000006cad00000|  0%| F|  |TS  0|AC  0|TAMS 0x00000006cac00000, 0x00000006cac00000|
| 173|0x00000006cad00000, 0x00000006cad00000, 0x00000006cae00000|  0%| F|  |TS  0|AC  0|TAMS 0x00000006cad00000, 0x00000006cad00000|
| 174|0x00000006cae00000, 0x00000006cae00000, 0x00000006caf00000|  0%| F|  |TS  0|AC  0|TAMS 0x00000006cae00000, 0x00000006cae00000|
| 175|0x00000006caf00000, 0x00000006caf00000, 0x00000006cb000000|  0%| F|  |TS  0|AC  0|TAMS 0x00000006caf00000, 0x00000006caf00000|
| 176|0x00000006cb000000, 0x00000006cb000000, 0x00000006cb100000|  0%| F|  |TS  0|AC  0|TAMS 0x00000006cb000000, 0x00000006cb000000|
| 177|0x00000006cb100000, 0x00000006cb100000, 0x00000006cb200000|  0%| F|  |TS  0|AC  0|TAMS 0x00000006cb100000, 0x00000006cb100000|
| 178|0x00000006cb200000, 0x00000006cb200000, 0x00000006cb300000|  0%| F|  |TS  0|AC  0|TAMS 0x00000006cb200000, 0x00000006cb200000|
| 179|0x00000006cb300000, 0x00000006cb300000, 0x00000006cb400000|  0%| F|  |TS  0|AC  0|TAMS 0x00000006cb300000, 0x00000006cb300000|
| 180|0x00000006cb400000, 0x00000006cb400000, 0x00000006cb500000|  0%| F|  |TS  0|AC  0|TAMS 0x00000006cb400000, 0x00000006cb400000|
| 181|0x00000006cb500000, 0x00000006cb500000, 0x00000006cb600000|  0%| F|  |TS  0|AC  0|TAMS 0x00000006cb500000, 0x00000006cb500000|
| 182|0x00000006cb600000, 0x00000006cb600000, 0x00000006cb700000|  0%| F|  |TS  0|AC  0|TAMS 0x00000006cb600000, 0x00000006cb600000|
| 183|0x00000006cb700000, 0x00000006cb700000, 0x00000006cb800000|  0%| F|  |TS  0|AC  0|TAMS 0x00000006cb700000, 0x00000006cb700000|
| 184|0x00000006cb800000, 0x00000006cb800000, 0x00000006cb900000|  0%| F|  |TS  0|AC  0|TAMS 0x00000006cb800000, 0x00000006cb800000|
| 185|0x00000006cb900000, 0x00000006cb900000, 0x00000006cba00000|  0%| F|  |TS  0|AC  0|TAMS 0x00000006cb900000, 0x00000006cb900000|
| 186|0x00000006cba00000, 0x00000006cba00000, 0x00000006cbb00000|  0%| F|  |TS  0|AC  0|TAMS 0x00000006cba00000, 0x00000006cba00000|
| 187|0x00000006cbb00000, 0x00000006cbb00000, 0x00000006cbc00000|  0%| F|  |TS  0|AC  0|TAMS 0x00000006cbb00000, 0x00000006cbb00000|
| 188|0x00000006cbc00000, 0x00000006cbc00000, 0x00000006cbd00000|  0%| F|  |TS  0|AC  0|TAMS 0x00000006cbc00000, 0x00000006cbc00000|
| 189|0x00000006cbd00000, 0x00000006cbd00000, 0x00000006cbe00000|  0%| F|  |TS  0|AC  0|TAMS 0x00000006cbd00000, 0x00000006cbd00000|
| 190|0x00000006cbe00000, 0x00000006cbe00000, 0x00000006cbf00000|  0%| F|  |TS  0|AC  0|TAMS 0x00000006cbe00000, 0x00000006cbe00000|
| 191|0x00000006cbf00000, 0x00000006cbf00000, 0x00000006cc000000|  0%| F|  |TS  0|AC  0|TAMS 0x00000006cbf00000, 0x00000006cbf00000|
| 192|0x00000006cc000000, 0x00000006cc000000, 0x00000006cc100000|  0%| F|  |TS  0|AC  0|TAMS 0x00000006cc000000, 0x00000006cc000000|
| 193|0x00000006cc100000, 0x00000006cc100000, 0x00000006cc200000|  0%| F|  |TS  0|AC  0|TAMS 0x00000006cc100000, 0x00000006cc100000|
| 194|0x00000006cc200000, 0x00000006cc200000, 0x00000006cc300000|  0%| F|  |TS  0|AC  0|TAMS 0x00000006cc200000, 0x00000006cc200000|
| 195|0x00000006cc300000, 0x00000006cc300000, 0x00000006cc400000|  0%| F|  |TS  0|AC  0|TAMS 0x00000006cc300000, 0x00000006cc300000|
| 196|0x00000006cc400000, 0x00000006cc400000, 0x00000006cc500000|  0%| F|  |TS  0|AC  0|TAMS 0x00000006cc400000, 0x00000006cc400000|
| 197|0x00000006cc500000, 0x00000006cc500000, 0x00000006cc600000|  0%| F|  |TS  0|AC  0|TAMS 0x00000006cc500000, 0x00000006cc500000|
| 198|0x00000006cc600000, 0x00000006cc600000, 0x00000006cc700000|  0%| F|  |TS  0|AC  0|TAMS 0x00000006cc600000, 0x00000006cc600000|
| 199|0x00000006cc700000, 0x00000006cc700000, 0x00000006cc800000|  0%| F|  |TS  0|AC  0|TAMS 0x00000006cc700000, 0x00000006cc700000|
| 200|0x00000006cc800000, 0x00000006cc800000, 0x00000006cc900000|  0%| F|  |TS  0|AC  0|TAMS 0x00000006cc800000, 0x00000006cc800000|
| 201|0x00000006cc900000, 0x00000006cc900000, 0x00000006cca00000|  0%| F|  |TS  0|AC  0|TAMS 0x00000006cc900000, 0x00000006cc900000|
| 202|0x00000006cca00000, 0x00000006cca00000, 0x00000006ccb00000|  0%| F|  |TS  0|AC  0|TAMS 0x00000006cca00000, 0x00000006cca00000|
| 203|0x00000006ccb00000, 0x00000006ccb00000, 0x00000006ccc00000|  0%| F|  |TS  0|AC  0|TAMS 0x00000006ccb00000, 0x00000006ccb00000|
| 204|0x00000006ccc00000, 0x00000006ccc00000, 0x00000006ccd00000|  0%| F|  |TS  0|AC  0|TAMS 0x00000006ccc00000, 0x00000006ccc00000|
| 205|0x00000006ccd00000, 0x00000006ccd00000, 0x00000006cce00000|  0%| F|  |TS  0|AC  0|TAMS 0x00000006ccd00000, 0x00000006ccd00000|
| 206|0x00000006cce00000, 0x00000006cce00000, 0x00000006ccf00000|  0%| F|  |TS  0|AC  0|TAMS 0x00000006cce00000, 0x00000006cce00000|
| 207|0x00000006ccf00000, 0x00000006ccf00000, 0x00000006cd000000|  0%| F|  |TS  0|AC  0|TAMS 0x00000006ccf00000, 0x00000006ccf00000|
| 208|0x00000006cd000000, 0x00000006cd000000, 0x00000006cd100000|  0%| F|  |TS  0|AC  0|TAMS 0x00000006cd000000, 0x00000006cd000000|
| 209|0x00000006cd100000, 0x00000006cd100000, 0x00000006cd200000|  0%| F|  |TS  0|AC  0|TAMS 0x00000006cd100000, 0x00000006cd100000|
| 210|0x00000006cd200000, 0x00000006cd200000, 0x00000006cd300000|  0%| F|  |TS  0|AC  0|TAMS 0x00000006cd200000, 0x00000006cd200000|
| 211|0x00000006cd300000, 0x00000006cd300000, 0x00000006cd400000|  0%| F|  |TS  0|AC  0|TAMS 0x00000006cd300000, 0x00000006cd300000|
| 212|0x00000006cd400000, 0x00000006cd400000, 0x00000006cd500000|  0%| F|  |TS  0|AC  0|TAMS 0x00000006cd400000, 0x00000006cd400000|
| 213|0x00000006cd500000, 0x00000006cd500000, 0x00000006cd600000|  0%| F|  |TS  0|AC  0|TAMS 0x00000006cd500000, 0x00000006cd500000|
| 214|0x00000006cd600000, 0x00000006cd600000, 0x00000006cd700000|  0%| F|  |TS  0|AC  0|TAMS 0x00000006cd600000, 0x00000006cd600000|
| 215|0x00000006cd700000, 0x00000006cd700000, 0x00000006cd800000|  0%| F|  |TS  0|AC  0|TAMS 0x00000006cd700000, 0x00000006cd700000|
| 216|0x00000006cd800000, 0x00000006cd800000, 0x00000006cd900000|  0%| F|  |TS  0|AC  0|TAMS 0x00000006cd800000, 0x00000006cd800000|
| 217|0x00000006cd900000, 0x00000006cd900000, 0x00000006cda00000|  0%| F|  |TS  0|AC  0|TAMS 0x00000006cd900000, 0x00000006cd900000|
| 218|0x00000006cda00000, 0x00000006cda00000, 0x00000006cdb00000|  0%| F|  |TS  0|AC  0|TAMS 0x00000006cda00000, 0x00000006cda00000|
| 219|0x00000006cdb00000, 0x00000006cdb00000, 0x00000006cdc00000|  0%| F|  |TS  0|AC  0|TAMS 0x00000006cdb00000, 0x00000006cdb00000|
| 220|0x00000006cdc00000, 0x00000006cdc00000, 0x00000006cdd00000|  0%| F|  |TS  0|AC  0|TAMS 0x00000006cdc00000, 0x00000006cdc00000|
| 221|0x00000006cdd00000, 0x00000006cdd00000, 0x00000006cde00000|  0%| F|  |TS  0|AC  0|TAMS 0x00000006cdd00000, 0x00000006cdd00000|
| 222|0x00000006cde00000, 0x00000006cde00000, 0x00000006cdf00000|  0%| F|  |TS  0|AC  0|TAMS 0x00000006cde00000, 0x00000006cde00000|
| 223|0x00000006cdf00000, 0x00000006cdf00000, 0x00000006ce000000|  0%| F|  |TS  0|AC  0|TAMS 0x00000006cdf00000, 0x00000006cdf00000|
| 224|0x00000006ce000000, 0x00000006ce000000, 0x00000006ce100000|  0%| F|  |TS  0|AC  0|TAMS 0x00000006ce000000, 0x00000006ce000000|
| 225|0x00000006ce100000, 0x00000006ce100000, 0x00000006ce200000|  0%| F|  |TS  0|AC  0|TAMS 0x00000006ce100000, 0x00000006ce100000|
| 226|0x00000006ce200000, 0x00000006ce200000, 0x00000006ce300000|  0%| F|  |TS  0|AC  0|TAMS 0x00000006ce200000, 0x00000006ce200000|
| 227|0x00000006ce300000, 0x00000006ce300000, 0x00000006ce400000|  0%| F|  |TS  0|AC  0|TAMS 0x00000006ce300000, 0x00000006ce300000|
| 228|0x00000006ce400000, 0x00000006ce400000, 0x00000006ce500000|  0%| F|  |TS  0|AC  0|TAMS 0x00000006ce400000, 0x00000006ce400000|
| 229|0x00000006ce500000, 0x00000006ce500000, 0x00000006ce600000|  0%| F|  |TS  0|AC  0|TAMS 0x00000006ce500000, 0x00000006ce500000|
| 230|0x00000006ce600000, 0x00000006ce600000, 0x00000006ce700000|  0%| F|  |TS  0|AC  0|TAMS 0x00000006ce600000, 0x00000006ce600000|
| 231|0x00000006ce700000, 0x00000006ce700000, 0x00000006ce800000|  0%| F|  |TS  0|AC  0|TAMS 0x00000006ce700000, 0x00000006ce700000|
| 232|0x00000006ce800000, 0x00000006ce800000, 0x00000006ce900000|  0%| F|  |TS  0|AC  0|TAMS 0x00000006ce800000, 0x00000006ce800000|
| 233|0x00000006ce900000, 0x00000006ce900000, 0x00000006cea00000|  0%| F|  |TS  0|AC  0|TAMS 0x00000006ce900000, 0x00000006ce900000|
| 234|0x00000006cea00000, 0x00000006cea00000, 0x00000006ceb00000|  0%| F|  |TS  0|AC  0|TAMS 0x00000006cea00000, 0x00000006cea00000|
| 235|0x00000006ceb00000, 0x00000006ceb00000, 0x00000006cec00000|  0%| F|  |TS  0|AC  0|TAMS 0x00000006ceb00000, 0x00000006ceb00000|
| 236|0x00000006cec00000, 0x00000006cec00000, 0x00000006ced00000|  0%| F|  |TS  0|AC  0|TAMS 0x00000006cec00000, 0x00000006cec00000|
| 237|0x00000006ced00000, 0x00000006ced00000, 0x00000006cee00000|  0%| F|  |TS  0|AC  0|TAMS 0x00000006ced00000, 0x00000006ced00000|
| 238|0x00000006cee00000, 0x00000006cee00000, 0x00000006cef00000|  0%| F|  |TS  0|AC  0|TAMS 0x00000006cee00000, 0x00000006cee00000|
| 239|0x00000006cef00000, 0x00000006cef00000, 0x00000006cf000000|  0%| F|  |TS  0|AC  0|TAMS 0x00000006cef00000, 0x00000006cef00000|
| 240|0x00000006cf000000, 0x00000006cf000000, 0x00000006cf100000|  0%| F|  |TS  0|AC  0|TAMS 0x00000006cf000000, 0x00000006cf000000|
| 241|0x00000006cf100000, 0x00000006cf100000, 0x00000006cf200000|  0%| F|  |TS  0|AC  0|TAMS 0x00000006cf100000, 0x00000006cf100000|
| 242|0x00000006cf200000, 0x00000006cf200000, 0x00000006cf300000|  0%| F|  |TS  0|AC  0|TAMS 0x00000006cf200000, 0x00000006cf200000|
| 243|0x00000006cf300000, 0x00000006cf300000, 0x00000006cf400000|  0%| F|  |TS  0|AC  0|TAMS 0x00000006cf300000, 0x00000006cf300000|
| 244|0x00000006cf400000, 0x00000006cf400000, 0x00000006cf500000|  0%| F|  |TS  0|AC  0|TAMS 0x00000006cf400000, 0x00000006cf400000|
| 245|0x00000006cf500000, 0x00000006cf500000, 0x00000006cf600000|  0%| F|  |TS  0|AC  0|TAMS 0x00000006cf500000, 0x00000006cf500000|
| 246|0x00000006cf600000, 0x00000006cf600000, 0x00000006cf700000|  0%| F|  |TS  0|AC  0|TAMS 0x00000006cf600000, 0x00000006cf600000|
| 247|0x00000006cf700000, 0x00000006cf700000, 0x00000006cf800000|  0%| F|  |TS  0|AC  0|TAMS 0x00000006cf700000, 0x00000006cf700000|
| 248|0x00000006cf800000, 0x00000006cf800000, 0x00000006cf900000|  0%| F|  |TS  0|AC  0|TAMS 0x00000006cf800000, 0x00000006cf800000|
| 249|0x00000006cf900000, 0x00000006cf900000, 0x00000006cfa00000|  0%| F|  |TS  0|AC  0|TAMS 0x00000006cf900000, 0x00000006cf900000|
| 250|0x00000006cfa00000, 0x00000006cfa00000, 0x00000006cfb00000|  0%| F|  |TS  0|AC  0|TAMS 0x00000006cfa00000, 0x00000006cfa00000|
| 251|0x00000006cfb00000, 0x00000006cfb00000, 0x00000006cfc00000|  0%| F|  |TS  0|AC  0|TAMS 0x00000006cfb00000, 0x00000006cfb00000|
| 252|0x00000006cfc00000, 0x00000006cfc00000, 0x00000006cfd00000|  0%| F|  |TS  0|AC  0|TAMS 0x00000006cfc00000, 0x00000006cfc00000|
| 253|0x00000006cfd00000, 0x00000006cfd00000, 0x00000006cfe00000|  0%| F|  |TS  0|AC  0|TAMS 0x00000006cfd00000, 0x00000006cfd00000|
| 254|0x00000006cfe00000, 0x00000006cfe00000, 0x00000006cff00000|  0%| F|  |TS  0|AC  0|TAMS 0x00000006cfe00000, 0x00000006cfe00000|
| 255|0x00000006cff00000, 0x00000006cff00000, 0x00000006d0000000|  0%| F|  |TS  0|AC  0|TAMS 0x00000006cff00000, 0x00000006cff00000|
| 256|0x00000006d0000000, 0x00000006d0000000, 0x00000006d0100000|  0%| F|  |TS  0|AC  0|TAMS 0x00000006d0000000, 0x00000006d0000000|
| 257|0x00000006d0100000, 0x00000006d0100000, 0x00000006d0200000|  0%| F|  |TS  0|AC  0|TAMS 0x00000006d0100000, 0x00000006d0100000|
| 258|0x00000006d0200000, 0x00000006d0200000, 0x00000006d0300000|  0%| F|  |TS  0|AC  0|TAMS 0x00000006d0200000, 0x00000006d0200000|
| 259|0x00000006d0300000, 0x00000006d0300000, 0x00000006d0400000|  0%| F|  |TS  0|AC  0|TAMS 0x00000006d0300000, 0x00000006d0300000|
| 260|0x00000006d0400000, 0x00000006d0400000, 0x00000006d0500000|  0%| F|  |TS  0|AC  0|TAMS 0x00000006d0400000, 0x00000006d0400000|
| 261|0x00000006d0500000, 0x00000006d0500000, 0x00000006d0600000|  0%| F|  |TS  0|AC  0|TAMS 0x00000006d0500000, 0x00000006d0500000|
| 262|0x00000006d0600000, 0x00000006d0600000, 0x00000006d0700000|  0%| F|  |TS  0|AC  0|TAMS 0x00000006d0600000, 0x00000006d0600000|
| 263|0x00000006d0700000, 0x00000006d0700000, 0x00000006d0800000|  0%| F|  |TS  0|AC  0|TAMS 0x00000006d0700000, 0x00000006d0700000|
| 264|0x00000006d0800000, 0x00000006d0800000, 0x00000006d0900000|  0%| F|  |TS  0|AC  0|TAMS 0x00000006d0800000, 0x00000006d0800000|
| 265|0x00000006d0900000, 0x00000006d0900000, 0x00000006d0a00000|  0%| F|  |TS  0|AC  0|TAMS 0x00000006d0900000, 0x00000006d0900000|
| 266|0x00000006d0a00000, 0x00000006d0a00000, 0x00000006d0b00000|  0%| F|  |TS  0|AC  0|TAMS 0x00000006d0a00000, 0x00000006d0a00000|
| 267|0x00000006d0b00000, 0x00000006d0b00000, 0x00000006d0c00000|  0%| F|  |TS  0|AC  0|TAMS 0x00000006d0b00000, 0x00000006d0b00000|
| 268|0x00000006d0c00000, 0x00000006d0c00000, 0x00000006d0d00000|  0%| F|  |TS  0|AC  0|TAMS 0x00000006d0c00000, 0x00000006d0c00000|
| 269|0x00000006d0d00000, 0x00000006d0d00000, 0x00000006d0e00000|  0%| F|  |TS  0|AC  0|TAMS 0x00000006d0d00000, 0x00000006d0d00000|
| 270|0x00000006d0e00000, 0x00000006d0e00000, 0x00000006d0f00000|  0%| F|  |TS  0|AC  0|TAMS 0x00000006d0e00000, 0x00000006d0e00000|
| 271|0x00000006d0f00000, 0x00000006d0f00000, 0x00000006d1000000|  0%| F|  |TS  0|AC  0|TAMS 0x00000006d0f00000, 0x00000006d0f00000|
| 272|0x00000006d1000000, 0x00000006d1000000, 0x00000006d1100000|  0%| F|  |TS  0|AC  0|TAMS 0x00000006d1000000, 0x00000006d1000000|
| 273|0x00000006d1100000, 0x00000006d1100000, 0x00000006d1200000|  0%| F|  |TS  0|AC  0|TAMS 0x00000006d1100000, 0x00000006d1100000|
| 274|0x00000006d1200000, 0x00000006d1200000, 0x00000006d1300000|  0%| F|  |TS  0|AC  0|TAMS 0x00000006d1200000, 0x00000006d1200000|
| 275|0x00000006d1300000, 0x00000006d1300000, 0x00000006d1400000|  0%| F|  |TS  0|AC  0|TAMS 0x00000006d1300000, 0x00000006d1300000|
| 276|0x00000006d1400000, 0x00000006d1400000, 0x00000006d1500000|  0%| F|  |TS  0|AC  0|TAMS 0x00000006d1400000, 0x00000006d1400000|
| 277|0x00000006d1500000, 0x00000006d1500000, 0x00000006d1600000|  0%| F|  |TS  0|AC  0|TAMS 0x00000006d1500000, 0x00000006d1500000|
| 278|0x00000006d1600000, 0x00000006d1600000, 0x00000006d1700000|  0%| F|  |TS  0|AC  0|TAMS 0x00000006d1600000, 0x00000006d1600000|
| 279|0x00000006d1700000, 0x00000006d1700000, 0x00000006d1800000|  0%| F|  |TS  0|AC  0|TAMS 0x00000006d1700000, 0x00000006d1700000|
| 280|0x00000006d1800000, 0x00000006d1800000, 0x00000006d1900000|  0%| F|  |TS  0|AC  0|TAMS 0x00000006d1800000, 0x00000006d1800000|
| 281|0x00000006d1900000, 0x00000006d1900000, 0x00000006d1a00000|  0%| F|  |TS  0|AC  0|TAMS 0x00000006d1900000, 0x00000006d1900000|
| 282|0x00000006d1a00000, 0x00000006d1a00000, 0x00000006d1b00000|  0%| F|  |TS  0|AC  0|TAMS 0x00000006d1a00000, 0x00000006d1a00000|
| 283|0x00000006d1b00000, 0x00000006d1b00000, 0x00000006d1c00000|  0%| F|  |TS  0|AC  0|TAMS 0x00000006d1b00000, 0x00000006d1b00000|
| 284|0x00000006d1c00000, 0x00000006d1c00000, 0x00000006d1d00000|  0%| F|  |TS  0|AC  0|TAMS 0x00000006d1c00000, 0x00000006d1c00000|
| 285|0x00000006d1d00000, 0x00000006d1d00000, 0x00000006d1e00000|  0%| F|  |TS  0|AC  0|TAMS 0x00000006d1d00000, 0x00000006d1d00000|
| 286|0x00000006d1e00000, 0x00000006d1e00000, 0x00000006d1f00000|  0%| F|  |TS  0|AC  0|TAMS 0x00000006d1e00000, 0x00000006d1e00000|
| 287|0x00000006d1f00000, 0x00000006d1f00000, 0x00000006d2000000|  0%| F|  |TS  0|AC  0|TAMS 0x00000006d1f00000, 0x00000006d1f00000|
| 288|0x00000006d2000000, 0x00000006d20a7568, 0x00000006d2100000| 65%| S|CS|TS  0|AC  0|TAMS 0x00000006d2000000, 0x00000006d2000000|
| 289|0x00000006d2100000, 0x00000006d2200000, 0x00000006d2200000|100%| S|CS|TS  0|AC  0|TAMS 0x00000006d2100000, 0x00000006d2100000|
| 290|0x00000006d2200000, 0x00000006d2300000, 0x00000006d2300000|100%| S|CS|TS  0|AC  0|TAMS 0x00000006d2200000, 0x00000006d2200000|
| 291|0x00000006d2300000, 0x00000006d2400000, 0x00000006d2400000|100%| S|CS|TS  0|AC  0|TAMS 0x00000006d2300000, 0x00000006d2300000|
| 292|0x00000006d2400000, 0x00000006d2500000, 0x00000006d2500000|100%| S|CS|TS  0|AC  0|TAMS 0x00000006d2400000, 0x00000006d2400000|
| 293|0x00000006d2500000, 0x00000006d2600000, 0x00000006d2600000|100%| S|CS|TS  0|AC  0|TAMS 0x00000006d2500000, 0x00000006d2500000|
| 294|0x00000006d2600000, 0x00000006d2700000, 0x00000006d2700000|100%| S|CS|TS  0|AC  0|TAMS 0x00000006d2600000, 0x00000006d2600000|
| 295|0x00000006d2700000, 0x00000006d2800000, 0x00000006d2800000|100%| S|CS|TS  0|AC  0|TAMS 0x00000006d2700000, 0x00000006d2700000|
| 296|0x00000006d2800000, 0x00000006d2900000, 0x00000006d2900000|100%| S|CS|TS  0|AC  0|TAMS 0x00000006d2800000, 0x00000006d2800000|
| 297|0x00000006d2900000, 0x00000006d2900000, 0x00000006d2a00000|  0%| F|  |TS  0|AC  0|TAMS 0x00000006d2900000, 0x00000006d2900000|
| 298|0x00000006d2a00000, 0x00000006d2a00000, 0x00000006d2b00000|  0%| F|  |TS  0|AC  0|TAMS 0x00000006d2a00000, 0x00000006d2a00000|
| 299|0x00000006d2b00000, 0x00000006d2b00000, 0x00000006d2c00000|  0%| F|  |TS  0|AC  0|TAMS 0x00000006d2b00000, 0x00000006d2b00000|
| 300|0x00000006d2c00000, 0x00000006d2c00000, 0x00000006d2d00000|  0%| F|  |TS  0|AC  0|TAMS 0x00000006d2c00000, 0x00000006d2c00000|
| 301|0x00000006d2d00000, 0x00000006d2d00000, 0x00000006d2e00000|  0%| F|  |TS  0|AC  0|TAMS 0x00000006d2d00000, 0x00000006d2d00000|
| 302|0x00000006d2e00000, 0x00000006d2e00000, 0x00000006d2f00000|  0%| F|  |TS  0|AC  0|TAMS 0x00000006d2e00000, 0x00000006d2e00000|
| 303|0x00000006d2f00000, 0x00000006d2f00000, 0x00000006d3000000|  0%| F|  |TS  0|AC  0|TAMS 0x00000006d2f00000, 0x00000006d2f00000|
| 304|0x00000006d3000000, 0x00000006d3000000, 0x00000006d3100000|  0%| F|  |TS  0|AC  0|TAMS 0x00000006d3000000, 0x00000006d3000000|
| 305|0x00000006d3100000, 0x00000006d3100000, 0x00000006d3200000|  0%| F|  |TS  0|AC  0|TAMS 0x00000006d3100000, 0x00000006d3100000|
| 306|0x00000006d3200000, 0x00000006d3200000, 0x00000006d3300000|  0%| F|  |TS  0|AC  0|TAMS 0x00000006d3200000, 0x00000006d3200000|
| 307|0x00000006d3300000, 0x00000006d3300000, 0x00000006d3400000|  0%| F|  |TS  0|AC  0|TAMS 0x00000006d3300000, 0x00000006d3300000|
| 308|0x00000006d3400000, 0x00000006d3400000, 0x00000006d3500000|  0%| F|  |TS  0|AC  0|TAMS 0x00000006d3400000, 0x00000006d3400000|
| 309|0x00000006d3500000, 0x00000006d3500000, 0x00000006d3600000|  0%| F|  |TS  0|AC  0|TAMS 0x00000006d3500000, 0x00000006d3500000|
| 310|0x00000006d3600000, 0x00000006d3600000, 0x00000006d3700000|  0%| F|  |TS  0|AC  0|TAMS 0x00000006d3600000, 0x00000006d3600000|
| 311|0x00000006d3700000, 0x00000006d3700000, 0x00000006d3800000|  0%| F|  |TS  0|AC  0|TAMS 0x00000006d3700000, 0x00000006d3700000|
| 312|0x00000006d3800000, 0x00000006d3800000, 0x00000006d3900000|  0%| F|  |TS  0|AC  0|TAMS 0x00000006d3800000, 0x00000006d3800000|
| 313|0x00000006d3900000, 0x00000006d3900000, 0x00000006d3a00000|  0%| F|  |TS  0|AC  0|TAMS 0x00000006d3900000, 0x00000006d3900000|
| 314|0x00000006d3a00000, 0x00000006d3a00000, 0x00000006d3b00000|  0%| F|  |TS  0|AC  0|TAMS 0x00000006d3a00000, 0x00000006d3a00000|
| 315|0x00000006d3b00000, 0x00000006d3b00000, 0x00000006d3c00000|  0%| F|  |TS  0|AC  0|TAMS 0x00000006d3b00000, 0x00000006d3b00000|
| 316|0x00000006d3c00000, 0x00000006d3c00000, 0x00000006d3d00000|  0%| F|  |TS  0|AC  0|TAMS 0x00000006d3c00000, 0x00000006d3c00000|
| 317|0x00000006d3d00000, 0x00000006d3d00000, 0x00000006d3e00000|  0%| F|  |TS  0|AC  0|TAMS 0x00000006d3d00000, 0x00000006d3d00000|
| 318|0x00000006d3e00000, 0x00000006d3e00000, 0x00000006d3f00000|  0%| F|  |TS  0|AC  0|TAMS 0x00000006d3e00000, 0x00000006d3e00000|
| 319|0x00000006d3f00000, 0x00000006d3f00000, 0x00000006d4000000|  0%| F|  |TS  0|AC  0|TAMS 0x00000006d3f00000, 0x00000006d3f00000|
| 320|0x00000006d4000000, 0x00000006d4000000, 0x00000006d4100000|  0%| F|  |TS  0|AC  0|TAMS 0x00000006d4000000, 0x00000006d4000000|
| 321|0x00000006d4100000, 0x00000006d4100000, 0x00000006d4200000|  0%| F|  |TS  0|AC  0|TAMS 0x00000006d4100000, 0x00000006d4100000|
| 322|0x00000006d4200000, 0x00000006d4200000, 0x00000006d4300000|  0%| F|  |TS  0|AC  0|TAMS 0x00000006d4200000, 0x00000006d4200000|
| 323|0x00000006d4300000, 0x00000006d4300000, 0x00000006d4400000|  0%| F|  |TS  0|AC  0|TAMS 0x00000006d4300000, 0x00000006d4300000|
| 324|0x00000006d4400000, 0x00000006d4400000, 0x00000006d4500000|  0%| F|  |TS  0|AC  0|TAMS 0x00000006d4400000, 0x00000006d4400000|
| 325|0x00000006d4500000, 0x00000006d4500000, 0x00000006d4600000|  0%| F|  |TS  0|AC  0|TAMS 0x00000006d4500000, 0x00000006d4500000|
| 326|0x00000006d4600000, 0x00000006d4600000, 0x00000006d4700000|  0%| F|  |TS  0|AC  0|TAMS 0x00000006d4600000, 0x00000006d4600000|
| 327|0x00000006d4700000, 0x00000006d4700000, 0x00000006d4800000|  0%| F|  |TS  0|AC  0|TAMS 0x00000006d4700000, 0x00000006d4700000|
| 328|0x00000006d4800000, 0x00000006d4800000, 0x00000006d4900000|  0%| F|  |TS  0|AC  0|TAMS 0x00000006d4800000, 0x00000006d4800000|
| 329|0x00000006d4900000, 0x00000006d4900000, 0x00000006d4a00000|  0%| F|  |TS  0|AC  0|TAMS 0x00000006d4900000, 0x00000006d4900000|
| 330|0x00000006d4a00000, 0x00000006d4a00000, 0x00000006d4b00000|  0%| F|  |TS  0|AC  0|TAMS 0x00000006d4a00000, 0x00000006d4a00000|
| 331|0x00000006d4b00000, 0x00000006d4b00000, 0x00000006d4c00000|  0%| F|  |TS  0|AC  0|TAMS 0x00000006d4b00000, 0x00000006d4b00000|
| 332|0x00000006d4c00000, 0x00000006d4c00000, 0x00000006d4d00000|  0%| F|  |TS  0|AC  0|TAMS 0x00000006d4c00000, 0x00000006d4c00000|
| 333|0x00000006d4d00000, 0x00000006d4d00000, 0x00000006d4e00000|  0%| F|  |TS  0|AC  0|TAMS 0x00000006d4d00000, 0x00000006d4d00000|
| 334|0x00000006d4e00000, 0x00000006d4e00000, 0x00000006d4f00000|  0%| F|  |TS  0|AC  0|TAMS 0x00000006d4e00000, 0x00000006d4e00000|
| 335|0x00000006d4f00000, 0x00000006d4f00000, 0x00000006d5000000|  0%| F|  |TS  0|AC  0|TAMS 0x00000006d4f00000, 0x00000006d4f00000|
| 336|0x00000006d5000000, 0x00000006d5000000, 0x00000006d5100000|  0%| F|  |TS  0|AC  0|TAMS 0x00000006d5000000, 0x00000006d5000000|
| 337|0x00000006d5100000, 0x00000006d5100000, 0x00000006d5200000|  0%| F|  |TS  0|AC  0|TAMS 0x00000006d5100000, 0x00000006d5100000|
| 338|0x00000006d5200000, 0x00000006d5200000, 0x00000006d5300000|  0%| F|  |TS  0|AC  0|TAMS 0x00000006d5200000, 0x00000006d5200000|
| 339|0x00000006d5300000, 0x00000006d5300000, 0x00000006d5400000|  0%| F|  |TS  0|AC  0|TAMS 0x00000006d5300000, 0x00000006d5300000|
| 340|0x00000006d5400000, 0x00000006d5400000, 0x00000006d5500000|  0%| F|  |TS  0|AC  0|TAMS 0x00000006d5400000, 0x00000006d5400000|
| 341|0x00000006d5500000, 0x00000006d5500000, 0x00000006d5600000|  0%| F|  |TS  0|AC  0|TAMS 0x00000006d5500000, 0x00000006d5500000|
| 342|0x00000006d5600000, 0x00000006d5600000, 0x00000006d5700000|  0%| F|  |TS  0|AC  0|TAMS 0x00000006d5600000, 0x00000006d5600000|
| 343|0x00000006d5700000, 0x00000006d5700000, 0x00000006d5800000|  0%| F|  |TS  0|AC  0|TAMS 0x00000006d5700000, 0x00000006d5700000|
| 344|0x00000006d5800000, 0x00000006d5800000, 0x00000006d5900000|  0%| F|  |TS  0|AC  0|TAMS 0x00000006d5800000, 0x00000006d5800000|
| 345|0x00000006d5900000, 0x00000006d5900000, 0x00000006d5a00000|  0%| F|  |TS  0|AC  0|TAMS 0x00000006d5900000, 0x00000006d5900000|
| 346|0x00000006d5a00000, 0x00000006d5a00000, 0x00000006d5b00000|  0%| F|  |TS  0|AC  0|TAMS 0x00000006d5a00000, 0x00000006d5a00000|
| 347|0x00000006d5b00000, 0x00000006d5b00000, 0x00000006d5c00000|  0%| F|  |TS  0|AC  0|TAMS 0x00000006d5b00000, 0x00000006d5b00000|
| 348|0x00000006d5c00000, 0x00000006d5c00000, 0x00000006d5d00000|  0%| F|  |TS  0|AC  0|TAMS 0x00000006d5c00000, 0x00000006d5c00000|
| 349|0x00000006d5d00000, 0x00000006d5d80800, 0x00000006d5e00000| 50%| E|  |TS  0|AC  0|TAMS 0x00000006d5d00000, 0x00000006d5d00000|
| 350|0x00000006d5e00000, 0x00000006d5f00000, 0x00000006d5f00000|100%| E|CS|TS  0|AC  0|TAMS 0x00000006d5e00000, 0x00000006d5e00000|
| 351|0x00000006d5f00000, 0x00000006d6000000, 0x00000006d6000000|100%| E|CS|TS  0|AC  0|TAMS 0x00000006d5f00000, 0x00000006d5f00000|
| 352|0x00000006d6000000, 0x00000006d6100000, 0x00000006d6100000|100%| E|CS|TS  0|AC  0|TAMS 0x00000006d6000000, 0x00000006d6000000|
| 353|0x00000006d6100000, 0x00000006d6200000, 0x00000006d6200000|100%| E|CS|TS  0|AC  0|TAMS 0x00000006d6100000, 0x00000006d6100000|
| 354|0x00000006d6200000, 0x00000006d6300000, 0x00000006d6300000|100%| E|CS|TS  0|AC  0|TAMS 0x00000006d6200000, 0x00000006d6200000|
| 355|0x00000006d6300000, 0x00000006d6400000, 0x00000006d6400000|100%| E|CS|TS  0|AC  0|TAMS 0x00000006d6300000, 0x00000006d6300000|
| 356|0x00000006d6400000, 0x00000006d6500000, 0x00000006d6500000|100%| E|CS|TS  0|AC  0|TAMS 0x00000006d6400000, 0x00000006d6400000|
| 357|0x00000006d6500000, 0x00000006d6600000, 0x00000006d6600000|100%| E|CS|TS  0|AC  0|TAMS 0x00000006d6500000, 0x00000006d6500000|
| 358|0x00000006d6600000, 0x00000006d6700000, 0x00000006d6700000|100%| E|CS|TS  0|AC  0|TAMS 0x00000006d6600000, 0x00000006d6600000|
| 359|0x00000006d6700000, 0x00000006d6800000, 0x00000006d6800000|100%| E|CS|TS  0|AC  0|TAMS 0x00000006d6700000, 0x00000006d6700000|
| 360|0x00000006d6800000, 0x00000006d6900000, 0x00000006d6900000|100%| E|CS|TS  0|AC  0|TAMS 0x00000006d6800000, 0x00000006d6800000|
| 361|0x00000006d6900000, 0x00000006d6a00000, 0x00000006d6a00000|100%| E|CS|TS  0|AC  0|TAMS 0x00000006d6900000, 0x00000006d6900000|
| 362|0x00000006d6a00000, 0x00000006d6b00000, 0x00000006d6b00000|100%| E|CS|TS  0|AC  0|TAMS 0x00000006d6a00000, 0x00000006d6a00000|

Card table byte_map: [0x000000010dce3000,0x000000010e4e3000] byte_map_base: 0x000000010a6e3000

Marking Bits (Prev, Next): (CMBitMap*) 0x00007fe8fa030ca8, (CMBitMap*) 0x00007fe8fa030c70
 Prev Bits: [0x0000000122e19000, 0x0000000126e19000)
 Next Bits: [0x000000011ee19000, 0x0000000122e19000)

Polling page: 0x0000000100a5b000

CodeHeap 'non-profiled nmethods': size=120032Kb used=1233Kb max_used=1233Kb free=118799Kb
 bounds [0x00000001178e1000, 0x0000000117b51000, 0x000000011ee19000]
CodeHeap 'profiled nmethods': size=120032Kb used=5324Kb max_used=5324Kb free=114707Kb
 bounds [0x00000001103a9000, 0x00000001108e9000, 0x00000001178e1000]
CodeHeap 'non-nmethods': size=5696Kb used=1550Kb max_used=1590Kb free=4145Kb
 bounds [0x000000010fe19000, 0x0000000110089000, 0x00000001103a9000]
 total_blobs=3615 nmethods=2131 adapters=840
 compilation: enabled

Compilation events (10 events):
Event: 60.053 Thread 0x00007fe8f9808000 nmethod 2141 0x0000000117a03910 code [0x0000000117a03aa0, 0x0000000117a03b78]
Event: 60.062 Thread 0x00007fe8f9808000 2142   !   4       java.awt.EventDispatchThread::pumpOneEventForFilters (218 bytes)
Event: 60.071 Thread 0x00007fe8f9813800 nmethod 2140 0x0000000117a03c90 code [0x0000000117a03ec0, 0x0000000117a04770]
Event: 60.071 Thread 0x00007fe8f9813800 2143   !   4       java.awt.EventQueue::getNextEvent (84 bytes)
Event: 60.254 Thread 0x00007fe8f9813800 nmethod 2143 0x0000000117a04d10 code [0x0000000117a05140, 0x0000000117a07c80]
Event: 60.287 Thread 0x00007fe8f9808000 nmethod 2142 0x0000000117a09210 code [0x0000000117a096e0, 0x0000000117a0cd20]
Event: 60.826 Thread 0x00007fe8f9813800 2144   !   4       com.jogamp.nativewindow.awt.JAWTWindow::lockSurface (345 bytes)
Event: 60.859 Thread 0x00007fe8f9813800 nmethod 2144 0x0000000117a0ea90 code [0x0000000117a0edc0, 0x0000000117a10150]
Event: 62.209 Thread 0x00007fe8f9808000 2145       4       java.awt.EventQueue$3::run (5 bytes)
Event: 62.274 Thread 0x00007fe8f9808000 nmethod 2145 0x0000000117a10e10 code [0x0000000117a11200, 0x0000000117a141d8]

GC Heap History (10 events):
Event: 4.310 GC heap before
{Heap before GC invocations=3 (full 0):
 garbage-first heap   total 262144K, used 164650K [0x00000006c0000000, 0x00000006c0100800, 0x00000007c0000000)
  region size 1024K, 153 young (156672K), 8 survivors (8192K)
 Metaspace       used 12550K, capacity 13170K, committed 13440K, reserved 1060864K
  class space    used 1237K, capacity 1391K, committed 1408K, reserved 1048576K
}
Event: 4.353 GC heap after
{Heap after GC invocations=4 (full 0):
 garbage-first heap   total 262144K, used 20978K [0x00000006c0000000, 0x00000006c0100800, 0x00000007c0000000)
  region size 1024K, 12 young (12288K), 12 survivors (12288K)
 Metaspace       used 12550K, capacity 13170K, committed 13440K, reserved 1060864K
  class space    used 1237K, capacity 1391K, committed 1408K, reserved 1048576K
}
Event: 4.597 GC heap before
{Heap before GC invocations=4 (full 0):
 garbage-first heap   total 262144K, used 170482K [0x00000006c0000000, 0x00000006c0100800, 0x00000007c0000000)
  region size 1024K, 153 young (156672K), 12 survivors (12288K)
 Metaspace       used 12550K, capacity 13170K, committed 13440K, reserved 1060864K
  class space    used 1237K, capacity 1391K, committed 1408K, reserved 1048576K
}
Event: 4.654 GC heap after
{Heap after GC invocations=5 (full 0):
 garbage-first heap   total 262144K, used 33764K [0x00000006c0000000, 0x00000006c0100800, 0x00000007c0000000)
  region size 1024K, 18 young (18432K), 18 survivors (18432K)
 Metaspace       used 12550K, capacity 13170K, committed 13440K, reserved 1060864K
  class space    used 1237K, capacity 1391K, committed 1408K, reserved 1048576K
}
Event: 4.674 GC heap before
{Heap before GC invocations=5 (full 0):
 garbage-first heap   total 262144K, used 52196K [0x00000006c0000000, 0x00000006c0100800, 0x00000007c0000000)
  region size 1024K, 36 young (36864K), 18 survivors (18432K)
 Metaspace       used 12550K, capacity 13170K, committed 13440K, reserved 1060864K
  class space    used 1237K, capacity 1391K, committed 1408K, reserved 1048576K
}
Event: 4.744 GC heap after
{Heap after GC invocations=6 (full 0):
 garbage-first heap   total 371712K, used 33915K [0x00000006c0000000, 0x00000006c0100b58, 0x00000007c0000000)
  region size 1024K, 1 young (1024K), 1 survivors (1024K)
 Metaspace       used 12550K, capacity 13170K, committed 13440K, reserved 1060864K
  class space    used 1237K, capacity 1391K, committed 1408K, reserved 1048576K
}
Event: 4.973 GC heap before
{Heap before GC invocations=6 (full 0):
 garbage-first heap   total 371712K, used 193659K [0x00000006c0000000, 0x00000006c0100b58, 0x00000007c0000000)
  region size 1024K, 155 young (158720K), 1 survivors (1024K)
 Metaspace       used 12553K, capacity 13170K, committed 13440K, reserved 1060864K
  class space    used 1237K, capacity 1391K, committed 1408K, reserved 1048576K
}
Event: 4.990 GC heap after
{Heap after GC invocations=7 (full 0):
 garbage-first heap   total 371712K, used 40261K [0x00000006c0000000, 0x00000006c0100b58, 0x00000007c0000000)
  region size 1024K, 6 young (6144K), 6 survivors (6144K)
 Metaspace       used 12553K, capacity 13170K, committed 13440K, reserved 1060864K
  class space    used 1237K, capacity 1391K, committed 1408K, reserved 1048576K
}
Event: 25.045 GC heap before
{Heap before GC invocations=7 (full 0):
 garbage-first heap   total 371712K, used 108869K [0x00000006c0000000, 0x00000006c0100b58, 0x00000007c0000000)
  region size 1024K, 72 young (73728K), 6 survivors (6144K)
 Metaspace       used 20361K, capacity 21110K, committed 21296K, reserved 1069056K
  class space    used 1904K, capacity 2088K, committed 2176K, reserved 1048576K
}
Event: 25.066 GC heap after
{Heap after GC invocations=8 (full 0):
 garbage-first heap   total 371712K, used 43800K [0x00000006c0000000, 0x00000006c0100b58, 0x00000007c0000000)
  region size 1024K, 9 young (9216K), 9 survivors (9216K)
 Metaspace       used 20361K, capacity 21110K, committed 21296K, reserved 1069056K
  class space    used 1904K, capacity 2088K, committed 2176K, reserved 1048576K
}

Deoptimization events (10 events):
Event: 6.467 Thread 0x00007fe8f8c4c000 Uncommon trap: reason=class_check action=maybe_recompile pc=0x0000000117938670 method=java.util.AbstractCollection.toArray([Ljava/lang/Object;)[Ljava/lang/Object; @ 1 c2
Event: 18.394 Thread 0x00007fe8fd909800 Uncommon trap: reason=unstable_if action=reinterpret pc=0x00000001179c1f48 method=java.util.concurrent.locks.ReentrantLock$Sync.nonfairTryAcquire(I)Z @ 10 c2
Event: 18.508 Thread 0x00007fe8fd909800 Uncommon trap: reason=unstable_if action=reinterpret pc=0x00000001179bf2c0 method=java.util.concurrent.locks.ReentrantLock$Sync.nonfairTryAcquire(I)Z @ 10 c2
Event: 18.571 Thread 0x00007fe8f9b51800 Uncommon trap: reason=unstable_if action=reinterpret pc=0x00000001179bedc0 method=java.util.concurrent.locks.ReentrantLock$Sync.nonfairTryAcquire(I)Z @ 10 c2
Event: 23.500 Thread 0x00007fe8f8c4c000 Uncommon trap: reason=unstable_if action=reinterpret pc=0x00000001179ce458 method=Hierarchical.display(Lcom/jogamp/opengl/GLAutoDrawable;)V @ 2284 c2
Event: 57.509 Thread 0x00007fe8f8c4c000 Uncommon trap: reason=unstable_if action=reinterpret pc=0x00000001179f3bac method=Hierarchical.display(Lcom/jogamp/opengl/GLAutoDrawable;)V @ 2333 c2
Event: 70.694 Thread 0x00007fe8f8c4c000 Uncommon trap: reason=class_check action=maybe_recompile pc=0x00000001179e0c6c method=java.awt.EventQueue.coalesceEvent(Ljava/awt/AWTEvent;I)Z @ 32 c2
Event: 70.694 Thread 0x00007fe8f8c4c000 Uncommon trap: reason=class_check action=maybe_recompile pc=0x0000000117a13254 method=java.awt.EventQueue.dispatchEventImpl(Ljava/awt/AWTEvent;Ljava/lang/Object;)V @ 30 c2
Event: 70.694 Thread 0x00007fe8f8c4c000 Uncommon trap: reason=unstable_if action=reinterpret pc=0x0000000117a02f5c method=java.awt.EventQueue.setCurrentEventAndMostRecentTimeImpl(Ljava/awt/AWTEvent;)V @ 131 c2
Event: 70.696 Thread 0x00007fe8fd909800 Uncommon trap: reason=unstable_if action=reinterpret pc=0x00000001179e9570 method=java.util.TaskQueue.isEmpty()Z @ 4 c2

Classes redefined (0 events):
No events

Internal exceptions (10 events):
Event: 6.352 Thread 0x00007fe8f9001800 Exception <a 'java/lang/NoSuchMethodError'{0x00000006d3047bb0}: java.lang.invoke.DirectMethodHandle$Holder.invokeStatic(Ljava/lang/Object;Ljava/lang/Object;J)V> (0x00000006d3047bb0) thrown at [/scratch/mesos/slaves/5af44a71-976a-41b7-81de-5773b84ec572-S38
Event: 6.359 Thread 0x00007fe8f9b51800 Exception <a 'java/lang/NoSuchMethodError'{0x00000006d3091ee0}: method resolution failed> (0x00000006d3091ee0) thrown at [/scratch/mesos/slaves/5af44a71-976a-41b7-81de-5773b84ec572-S38393/frameworks/1735e8a2-a1db-478c-8104-60c8b0af87dd-0196/executors/8b85
Event: 6.359 Thread 0x00007fe8f9b51800 Exception <a 'java/lang/NoSuchMethodError'{0x00000006d3099270}: method resolution failed> (0x00000006d3099270) thrown at [/scratch/mesos/slaves/5af44a71-976a-41b7-81de-5773b84ec572-S38393/frameworks/1735e8a2-a1db-478c-8104-60c8b0af87dd-0196/executors/8b85
Event: 6.360 Thread 0x00007fe8f9b51800 Exception <a 'java/lang/NoSuchMethodError'{0x00000006d309d1e0}: method resolution failed> (0x00000006d309d1e0) thrown at [/scratch/mesos/slaves/5af44a71-976a-41b7-81de-5773b84ec572-S38393/frameworks/1735e8a2-a1db-478c-8104-60c8b0af87dd-0196/executors/8b85
Event: 6.367 Thread 0x00007fe8f9b51800 Exception <a 'java/lang/NoSuchMethodError'{0x00000006d30ac1e8}: java.lang.invoke.DirectMethodHandle$Holder.invokeSpecial(Ljava/lang/Object;Ljava/lang/Object;J)V> (0x00000006d30ac1e8) thrown at [/scratch/mesos/slaves/5af44a71-976a-41b7-81de-5773b84ec572-S3
Event: 6.394 Thread 0x00007fe8f9001800 Exception <a 'java/lang/NoSuchMethodError'{0x00000006d3050098}: method resolution failed> (0x00000006d3050098) thrown at [/scratch/mesos/slaves/5af44a71-976a-41b7-81de-5773b84ec572-S38393/frameworks/1735e8a2-a1db-478c-8104-60c8b0af87dd-0196/executors/8b85
Event: 6.451 Thread 0x00007fe8f9001800 Exception <a 'java/lang/NoSuchMethodError'{0x00000006d2e57e90}: java.lang.invoke.DirectMethodHandle$Holder.invokeStatic(Ljava/lang/Object;JJ)V> (0x00000006d2e57e90) thrown at [/scratch/mesos/slaves/5af44a71-976a-41b7-81de-5773b84ec572-S38393/frameworks/17
Event: 6.451 Thread 0x00007fe8f9001800 Exception <a 'java/lang/NoSuchMethodError'{0x00000006d2e5d2a0}: java.lang.invoke.DirectMethodHandle$Holder.invokeStatic(Ljava/lang/Object;J)Ljava/lang/Object;> (0x00000006d2e5d2a0) thrown at [/scratch/mesos/slaves/5af44a71-976a-41b7-81de-5773b84ec572-S383
Event: 6.452 Thread 0x00007fe8f9001800 Exception <a 'java/lang/NoSuchMethodError'{0x00000006d2e60a10}: method resolution failed> (0x00000006d2e60a10) thrown at [/scratch/mesos/slaves/5af44a71-976a-41b7-81de-5773b84ec572-S38393/frameworks/1735e8a2-a1db-478c-8104-60c8b0af87dd-0196/executors/8b85
Event: 25.074 Thread 0x00007fe8f9000800 Exception <a 'java/lang/NullPointerException'{0x00000006d6980800}> (0x00000006d6980800) thrown at [/scratch/mesos/slaves/5af44a71-976a-41b7-81de-5773b84ec572-S38393/frameworks/1735e8a2-a1db-478c-8104-60c8b0af87dd-0196/executors/8b855640-c399-41ea-b65f-522

Events (10 events):
Event: 70.694 Executing VM operation: RevokeBias done
Event: 70.694 Executing VM operation: RevokeBias
Event: 70.694 Executing VM operation: RevokeBias done
Event: 70.695 loading class jogamp/opengl/macosx/cgl/MacOSXCGLContext$NSOpenGLImpl$DetachGLLayerCmd
Event: 70.695 loading class jogamp/opengl/macosx/cgl/MacOSXCGLContext$NSOpenGLImpl$DetachGLLayerCmd done
Event: 70.695 loading class jogamp/nativewindow/jawt/macosx/MacOSXJAWTWindow$4
Event: 70.695 loading class jogamp/nativewindow/jawt/macosx/MacOSXJAWTWindow$4 done
Event: 70.696 Thread 0x00007fe8fd909800 Uncommon trap: trap_request=0xffffff5d fr.pc=0x00000001179e9570 relative=0x0000000000000050
Event: 70.696 Thread 0x00007fe8fd909800 DEOPT PACKING pc=0x00000001179e9570 sp=0x000070000de70940
Event: 70.696 Thread 0x00007fe8fd909800 DEOPT UNPACKING pc=0x000000010fe66c9f sp=0x000070000de708f0 mode 2


Dynamic libraries:
0x00007fff49620000 	/System/Library/Frameworks/Cocoa.framework/Versions/A/Cocoa
0x00007fff559dd000 	/System/Library/Frameworks/Security.framework/Versions/A/Security
0x00007fff4828f000 	/System/Library/Frameworks/ApplicationServices.framework/Versions/A/ApplicationServices
0x00007fff71539000 	/usr/lib/libz.1.dylib
0x00007fff6f54d000 	/usr/lib/libSystem.B.dylib
0x00007fff49dba000 	/System/Library/Frameworks/CoreFoundation.framework/Versions/A/CoreFoundation
0x00007fff4bef0000 	/System/Library/Frameworks/Foundation.framework/Versions/C/Foundation
0x00007fff70b4e000 	/usr/lib/libobjc.A.dylib
0x00007fff473e0000 	/System/Library/Frameworks/AppKit.framework/Versions/C/AppKit
0x00007fff49998000 	/System/Library/Frameworks/CoreData.framework/Versions/A/CoreData
0x00007fff68f8e000 	/System/Library/PrivateFrameworks/RemoteViewServices.framework/Versions/A/RemoteViewServices
0x00007fff6d5e3000 	/System/Library/PrivateFrameworks/UIFoundation.framework/Versions/A/UIFoundation
0x00007fff5dfdc000 	/System/Library/PrivateFrameworks/DFRFoundation.framework/Versions/A/DFRFoundation
0x00007fff4e3c7000 	/System/Library/Frameworks/Metal.framework/Versions/A/Metal
0x00007fff5e17d000 	/System/Library/PrivateFrameworks/DesktopServicesPriv.framework/Versions/A/DesktopServicesPriv
0x00007fff70150000 	/usr/lib/libenergytrace.dylib
0x00007fff6b707000 	/System/Library/PrivateFrameworks/SkyLight.framework/Versions/A/SkyLight
0x00007fff4a25c000 	/System/Library/Frameworks/CoreGraphics.framework/Versions/A/CoreGraphics
0x00007fff6f548000 	/usr/lib/libScreenReader.dylib
0x00007fff463a1000 	/System/Library/Frameworks/Accelerate.framework/Versions/A/Accelerate
0x00007fff4c667000 	/System/Library/Frameworks/IOSurface.framework/Versions/A/IOSurface
0x00007fff487d9000 	/System/Library/Frameworks/AudioToolbox.framework/Versions/A/AudioToolbox
0x00007fff48a66000 	/System/Library/Frameworks/AudioUnit.framework/Versions/A/AudioUnit
0x00007fff5e078000 	/System/Library/PrivateFrameworks/DataDetectorsCore.framework/Versions/A/DataDetectorsCore
0x00007fff49127000 	/System/Library/Frameworks/Carbon.framework/Versions/A/Frameworks/HIToolbox.framework/Versions/A/HIToolbox
0x00007fff702aa000 	/usr/lib/libicucore.A.dylib
0x00007fff54f5c000 	/System/Library/Frameworks/QuartzCore.framework/Versions/A/QuartzCore
0x00007fff4950d000 	/System/Library/Frameworks/Carbon.framework/Versions/A/Frameworks/SpeechRecognition.framework/Versions/A/SpeechRecognition
0x00007fff6f6a9000 	/usr/lib/libauto.dylib
0x00007fff71428000 	/usr/lib/libxml2.2.dylib
0x00007fff5dc56000 	/System/Library/PrivateFrameworks/CoreUI.framework/Versions/A/CoreUI
0x00007fff49874000 	/System/Library/Frameworks/CoreAudio.framework/Versions/A/CoreAudio
0x00007fff4bd2a000 	/System/Library/Frameworks/DiskArbitration.framework/Versions/A/DiskArbitration
0x00007fff7051e000 	/usr/lib/liblangid.dylib
0x00007fff654dd000 	/System/Library/PrivateFrameworks/MultitouchSupport.framework/Versions/A/MultitouchSupport
0x00007fff4c5ca000 	/System/Library/Frameworks/IOKit.framework/Versions/A/IOKit
0x00007fff6f1e5000 	/usr/lib/libDiagnosticMessagesClient.dylib
0x00007fff4af1a000 	/System/Library/Frameworks/CoreServices.framework/Versions/A/CoreServices
0x00007fff66f77000 	/System/Library/PrivateFrameworks/PerformanceAnalysis.framework/Versions/A/PerformanceAnalysis
0x00007fff54106000 	/System/Library/Frameworks/OpenGL.framework/Versions/A/OpenGL
0x00007fff4962e000 	/System/Library/Frameworks/ColorSync.framework/Versions/A/ColorSync
0x00007fff4a86b000 	/System/Library/Frameworks/CoreImage.framework/Versions/A/CoreImage
0x00007fff4b89b000 	/System/Library/Frameworks/CoreText.framework/Versions/A/CoreText
0x00007fff4c6c5000 	/System/Library/Frameworks/ImageIO.framework/Versions/A/ImageIO
0x00007fff5a4af000 	/System/Library/PrivateFrameworks/Backup.framework/Versions/A/Backup
0x00007fff6f5f9000 	/usr/lib/libarchive.2.dylib
0x00007fff48d7b000 	/System/Library/Frameworks/CFNetwork.framework/Versions/A/CFNetwork
0x00007fff56159000 	/System/Library/Frameworks/SystemConfiguration.framework/Versions/A/SystemConfiguration
0x00007fff6f10e000 	/usr/lib/libCRFSuite.dylib
0x00007fff6f781000 	/usr/lib/libc++.1.dylib
0x00007fff6f7d8000 	/usr/lib/libc++abi.dylib
0x00007fff715e9000 	/usr/lib/system/libcache.dylib
0x00007fff715ee000 	/usr/lib/system/libcommonCrypto.dylib
0x00007fff715f9000 	/usr/lib/system/libcompiler_rt.dylib
0x00007fff71601000 	/usr/lib/system/libcopyfile.dylib
0x00007fff7160a000 	/usr/lib/system/libcorecrypto.dylib
0x00007fff71717000 	/usr/lib/system/libdispatch.dylib
0x00007fff71751000 	/usr/lib/system/libdyld.dylib
0x00007fff7176f000 	/usr/lib/system/libkeymgr.dylib
0x00007fff7177d000 	/usr/lib/system/liblaunch.dylib
0x00007fff7177e000 	/usr/lib/system/libmacho.dylib
0x00007fff71783000 	/usr/lib/system/libquarantine.dylib
0x00007fff71786000 	/usr/lib/system/libremovefile.dylib
0x00007fff71788000 	/usr/lib/system/libsystem_asl.dylib
0x00007fff717a0000 	/usr/lib/system/libsystem_blocks.dylib
0x00007fff717a1000 	/usr/lib/system/libsystem_c.dylib
0x00007fff7182b000 	/usr/lib/system/libsystem_configuration.dylib
0x00007fff7182f000 	/usr/lib/system/libsystem_coreservices.dylib
0x00007fff71833000 	/usr/lib/system/libsystem_darwin.dylib
0x00007fff71835000 	/usr/lib/system/libsystem_dnssd.dylib
0x00007fff7183c000 	/usr/lib/system/libsystem_info.dylib
0x00007fff718ac000 	/usr/lib/system/libsystem_m.dylib
0x00007fff718f8000 	/usr/lib/system/libsystem_malloc.dylib
0x00007fff71918000 	/usr/lib/system/libsystem_network.dylib
0x00007fff719bd000 	/usr/lib/system/libsystem_networkextension.dylib
0x00007fff719c8000 	/usr/lib/system/libsystem_notify.dylib
0x00007fff719e6000 	/usr/lib/system/libsystem_sandbox.dylib
0x00007fff719ea000 	/usr/lib/system/libsystem_secinit.dylib
0x00007fff71886000 	/usr/lib/system/libsystem_kernel.dylib
0x00007fff719d2000 	/usr/lib/system/libsystem_platform.dylib
0x00007fff719da000 	/usr/lib/system/libsystem_pthread.dylib
0x00007fff719ec000 	/usr/lib/system/libsystem_symptoms.dylib
0x00007fff719f4000 	/usr/lib/system/libsystem_trace.dylib
0x00007fff71a09000 	/usr/lib/system/libunwind.dylib
0x00007fff71a0f000 	/usr/lib/system/libxpc.dylib
0x00007fff6f03b000 	/usr/lib/closure/libclosured.dylib
0x00007fff6f762000 	/usr/lib/libbsm.0.dylib
0x00007fff71770000 	/usr/lib/system/libkxld.dylib
0x00007fff6f41f000 	/usr/lib/libOpenScriptingUtil.dylib
0x00007fff6fad2000 	/usr/lib/libcoretls.dylib
0x00007fff6faeb000 	/usr/lib/libcoretls_cfhelpers.dylib
0x00007fff70f4f000 	/usr/lib/libpam.2.dylib
0x00007fff71075000 	/usr/lib/libsqlite3.dylib
0x00007fff71417000 	/usr/lib/libxar.1.dylib
0x00007fff6f773000 	/usr/lib/libbz2.1.0.dylib
0x00007fff70520000 	/usr/lib/liblzma.5.dylib
0x00007fff70a01000 	/usr/lib/libnetwork.dylib
0x00007fff6f5e2000 	/usr/lib/libapple_nghttp2.dylib
0x00007fff70f56000 	/usr/lib/libpcap.A.dylib
0x00007fff6f6aa000 	/usr/lib/libboringssl.dylib
0x00007fff713d9000 	/usr/lib/libusrtcp.dylib
0x00007fff6f5e1000 	/usr/lib/libapple_crypto.dylib
0x00007fff4b29d000 	/System/Library/Frameworks/CoreServices.framework/Versions/A/Frameworks/FSEvents.framework/Versions/A/FSEvents
0x00007fff4af90000 	/System/Library/Frameworks/CoreServices.framework/Versions/A/Frameworks/CarbonCore.framework/Versions/A/CarbonCore
0x00007fff4b45f000 	/System/Library/Frameworks/CoreServices.framework/Versions/A/Frameworks/Metadata.framework/Versions/A/Metadata
0x00007fff4b50f000 	/System/Library/Frameworks/CoreServices.framework/Versions/A/Frameworks/OSServices.framework/Versions/A/OSServices
0x00007fff4b56d000 	/System/Library/Frameworks/CoreServices.framework/Versions/A/Frameworks/SearchKit.framework/Versions/A/SearchKit
0x00007fff4af1b000 	/System/Library/Frameworks/CoreServices.framework/Versions/A/Frameworks/AE.framework/Versions/A/AE
0x00007fff4b2a6000 	/System/Library/Frameworks/CoreServices.framework/Versions/A/Frameworks/LaunchServices.framework/Versions/A/LaunchServices
0x00007fff4b268000 	/System/Library/Frameworks/CoreServices.framework/Versions/A/Frameworks/DictionaryServices.framework/Versions/A/DictionaryServices
0x00007fff4b5dc000 	/System/Library/Frameworks/CoreServices.framework/Versions/A/Frameworks/SharedFileList.framework/Versions/A/SharedFileList
0x00007fff4f593000 	/System/Library/Frameworks/NetFS.framework/Versions/A/NetFS
0x00007fff6576a000 	/System/Library/PrivateFrameworks/NetAuth.framework/Versions/A/NetAuth
0x00007fff6eed5000 	/System/Library/PrivateFrameworks/login.framework/Versions/A/Frameworks/loginsupport.framework/Versions/A/loginsupport
0x00007fff6d267000 	/System/Library/PrivateFrameworks/TCC.framework/Versions/A/TCC
0x00007fff70601000 	/usr/lib/libmecabra.dylib
0x00007fff48290000 	/System/Library/Frameworks/ApplicationServices.framework/Versions/A/Frameworks/ATS.framework/Versions/A/ATS
0x00007fff4863e000 	/System/Library/Frameworks/ApplicationServices.framework/Versions/A/Frameworks/ColorSyncLegacy.framework/Versions/A/ColorSyncLegacy
0x00007fff486e2000 	/System/Library/Frameworks/ApplicationServices.framework/Versions/A/Frameworks/HIServices.framework/Versions/A/HIServices
0x00007fff48735000 	/System/Library/Frameworks/ApplicationServices.framework/Versions/A/Frameworks/LangAnalysis.framework/Versions/A/LangAnalysis
0x00007fff48744000 	/System/Library/Frameworks/ApplicationServices.framework/Versions/A/Frameworks/PrintCore.framework/Versions/A/PrintCore
0x00007fff48791000 	/System/Library/Frameworks/ApplicationServices.framework/Versions/A/Frameworks/QD.framework/Versions/A/QD
0x00007fff487cc000 	/System/Library/Frameworks/ApplicationServices.framework/Versions/A/Frameworks/SpeechSynthesis.framework/Versions/A/SpeechSynthesis
0x00007fff49ced000 	/System/Library/Frameworks/CoreDisplay.framework/Versions/A/CoreDisplay
0x00007fff463b9000 	/System/Library/Frameworks/Accelerate.framework/Versions/A/Frameworks/vImage.framework/Versions/A/vImage
0x00007fff470f0000 	/System/Library/Frameworks/Accelerate.framework/Versions/A/Frameworks/vecLib.framework/Versions/A/vecLib
0x00007fff46e92000 	/System/Library/Frameworks/Accelerate.framework/Versions/A/Frameworks/vecLib.framework/Versions/A/libvDSP.dylib
0x00007fff46a13000 	/System/Library/Frameworks/Accelerate.framework/Versions/A/Frameworks/vecLib.framework/Versions/A/libBNNS.dylib
0x00007fff46e19000 	/System/Library/Frameworks/Accelerate.framework/Versions/A/Frameworks/vecLib.framework/Versions/A/libQuadrature.dylib
0x00007fff4703f000 	/System/Library/Frameworks/Accelerate.framework/Versions/A/Frameworks/vecLib.framework/Versions/A/libvMisc.dylib
0x00007fff46a42000 	/System/Library/Frameworks/Accelerate.framework/Versions/A/Frameworks/vecLib.framework/Versions/A/libLAPACK.dylib
0x00007fff468b8000 	/System/Library/Frameworks/Accelerate.framework/Versions/A/Frameworks/vecLib.framework/Versions/A/libBLAS.dylib
0x00007fff46e03000 	/System/Library/Frameworks/Accelerate.framework/Versions/A/Frameworks/vecLib.framework/Versions/A/libLinearAlgebra.dylib
0x00007fff46e1f000 	/System/Library/Frameworks/Accelerate.framework/Versions/A/Frameworks/vecLib.framework/Versions/A/libSparse.dylib
0x00007fff46e7e000 	/System/Library/Frameworks/Accelerate.framework/Versions/A/Frameworks/vecLib.framework/Versions/A/libSparseBLAS.dylib
0x00007fff63e10000 	/System/Library/PrivateFrameworks/IOAccelerator.framework/Versions/A/IOAccelerator
0x00007fff63e1b000 	/System/Library/PrivateFrameworks/IOPresentment.framework/Versions/A/IOPresentment
0x00007fff5dfee000 	/System/Library/PrivateFrameworks/DSExternalDisplay.framework/Versions/A/DSExternalDisplay
0x00007fff53588000 	/System/Library/Frameworks/OpenGL.framework/Versions/A/Libraries/libCoreFSCache.dylib
0x00007fff4b9ea000 	/System/Library/Frameworks/CoreVideo.framework/Versions/A/CoreVideo
0x00007fff63463000 	/System/Library/PrivateFrameworks/GraphVisualizer.framework/Versions/A/GraphVisualizer
0x00007fff4e58a000 	/System/Library/Frameworks/MetalPerformanceShaders.framework/Versions/A/MetalPerformanceShaders
0x00007fff6f21d000 	/usr/lib/libFosl_dynamic.dylib
0x00007fff5f021000 	/System/Library/PrivateFrameworks/FaceCore.framework/Versions/A/FaceCore
0x00007fff52390000 	/System/Library/Frameworks/OpenCL.framework/Versions/A/OpenCL
0x00007fff6f80f000 	/usr/lib/libcompression.dylib
0x00007fff4838f000 	/System/Library/Frameworks/ApplicationServices.framework/Versions/A/Frameworks/ATS.framework/Versions/A/Resources/libFontParser.dylib
0x00007fff484b2000 	/System/Library/Frameworks/ApplicationServices.framework/Versions/A/Frameworks/ATS.framework/Versions/A/Resources/libFontRegistry.dylib
0x00007fff4c92a000 	/System/Library/Frameworks/ImageIO.framework/Versions/A/Resources/libJPEG.dylib
0x00007fff4cc53000 	/System/Library/Frameworks/ImageIO.framework/Versions/A/Resources/libTIFF.dylib
0x00007fff4cc29000 	/System/Library/Frameworks/ImageIO.framework/Versions/A/Resources/libPng.dylib
0x00007fff4c83d000 	/System/Library/Frameworks/ImageIO.framework/Versions/A/Resources/libGIF.dylib
0x00007fff4c842000 	/System/Library/Frameworks/ImageIO.framework/Versions/A/Resources/libJP2.dylib
0x00007fff4cc50000 	/System/Library/Frameworks/ImageIO.framework/Versions/A/Resources/libRadiance.dylib
0x00007fff59c10000 	/System/Library/PrivateFrameworks/AppleJPEG.framework/Versions/A/AppleJPEG
0x00007fff6525b000 	/System/Library/PrivateFrameworks/MetalTools.framework/Versions/A/MetalTools
0x00007fff4e463000 	/System/Library/Frameworks/MetalPerformanceShaders.framework/Frameworks/MPSCore.framework/Versions/A/MPSCore
0x00007fff4e479000 	/System/Library/Frameworks/MetalPerformanceShaders.framework/Frameworks/MPSImage.framework/Versions/A/MPSImage
0x00007fff4e4e5000 	/System/Library/Frameworks/MetalPerformanceShaders.framework/Frameworks/MPSMatrix.framework/Versions/A/MPSMatrix
0x00007fff4e509000 	/System/Library/Frameworks/MetalPerformanceShaders.framework/Frameworks/MPSNeuralNetwork.framework/Versions/A/MPSNeuralNetwork
0x00007fff53750000 	/System/Library/Frameworks/OpenGL.framework/Versions/A/Libraries/libGLU.dylib
0x00007fff53592000 	/System/Library/Frameworks/OpenGL.framework/Versions/A/Libraries/libGFXShared.dylib
0x00007fff5359b000 	/System/Library/Frameworks/OpenGL.framework/Versions/A/Libraries/libGL.dylib
0x00007fff535a7000 	/System/Library/Frameworks/OpenGL.framework/Versions/A/Libraries/libGLImage.dylib
0x00007fff53585000 	/System/Library/Frameworks/OpenGL.framework/Versions/A/Libraries/libCVMSPluginSupport.dylib
0x00007fff5358d000 	/System/Library/Frameworks/OpenGL.framework/Versions/A/Libraries/libCoreVMClient.dylib
0x00007fff6ffbc000 	/usr/lib/libcups.2.dylib
0x00007fff4da2f000 	/System/Library/Frameworks/Kerberos.framework/Versions/A/Kerberos
0x00007fff4c325000 	/System/Library/Frameworks/GSS.framework/Versions/A/GSS
0x00007fff71009000 	/usr/lib/libresolv.9.dylib
0x00007fff701b8000 	/usr/lib/libiconv.2.dylib
0x00007fff634ea000 	/System/Library/PrivateFrameworks/Heimdal.framework/Versions/A/Heimdal
0x00007fff70187000 	/usr/lib/libheimdal-asn1.dylib
0x00007fff523fb000 	/System/Library/Frameworks/OpenDirectory.framework/Versions/A/OpenDirectory
0x00007fff5bec6000 	/System/Library/PrivateFrameworks/CommonAuth.framework/Versions/A/CommonAuth
0x00007fff523de000 	/System/Library/Frameworks/OpenDirectory.framework/Versions/A/Frameworks/CFOpenDirectory.framework/Versions/A/CFOpenDirectory
0x00007fff55cf5000 	/System/Library/Frameworks/SecurityFoundation.framework/Versions/A/SecurityFoundation
0x00007fff58dfc000 	/System/Library/PrivateFrameworks/APFS.framework/Versions/A/APFS
0x00007fff71413000 	/usr/lib/libutil.dylib
0x00007fff59c93000 	/System/Library/PrivateFrameworks/AppleSauce.framework/Versions/A/AppleSauce
0x00007fff645f2000 	/System/Library/PrivateFrameworks/LinguisticData.framework/Versions/A/LinguisticData
0x00007fff7053a000 	/usr/lib/libmarisa.dylib
0x00007fff645ac000 	/System/Library/PrivateFrameworks/Lexicon.framework/Versions/A/Lexicon
0x00007fff6f148000 	/usr/lib/libChineseTokenizer.dylib
0x00007fff6f7fe000 	/usr/lib/libcmph.dylib
0x00007fff644b6000 	/System/Library/PrivateFrameworks/LanguageModeling.framework/Versions/A/LanguageModeling
0x00007fff5c8dc000 	/System/Library/PrivateFrameworks/CoreEmoji.framework/Versions/A/CoreEmoji
0x00007fff55db1000 	/System/Library/Frameworks/ServiceManagement.framework/Versions/A/ServiceManagement
0x00007fff5a4a7000 	/System/Library/PrivateFrameworks/BackgroundTaskManagement.framework/Versions/A/BackgroundTaskManagement
0x00007fff71510000 	/usr/lib/libxslt.1.dylib
0x00007fff49437000 	/System/Library/Frameworks/Carbon.framework/Versions/A/Frameworks/Ink.framework/Versions/A/Ink
0x00007fff6d47b000 	/System/Library/PrivateFrameworks/TextureIO.framework/Versions/A/TextureIO
0x00007fff6f624000 	/usr/lib/libate.dylib
0x00007fff5df50000 	/System/Library/PrivateFrameworks/CrashReporterSupport.framework/Versions/A/CrashReporterSupport
0x00007fff6a8ce000 	/System/Library/PrivateFrameworks/Sharing.framework/Versions/A/Sharing
0x00007fff641fc000 	/System/Library/PrivateFrameworks/IconServices.framework/Versions/A/IconServices
0x00007fff68d93000 	/System/Library/PrivateFrameworks/ProtocolBuffer.framework/Versions/A/ProtocolBuffer
0x00007fff59a9b000 	/System/Library/PrivateFrameworks/Apple80211.framework/Versions/A/Apple80211
0x00007fff4ba25000 	/System/Library/Frameworks/CoreWLAN.framework/Versions/A/CoreWLAN
0x00007fff5dd8b000 	/System/Library/PrivateFrameworks/CoreUtils.framework/Versions/A/CoreUtils
0x00007fff4c467000 	/System/Library/Frameworks/IOBluetooth.framework/Versions/A/IOBluetooth
0x00007fff5deeb000 	/System/Library/PrivateFrameworks/CoreWiFi.framework/Versions/A/CoreWiFi
0x00007fff4996e000 	/System/Library/Frameworks/CoreBluetooth.framework/Versions/A/CoreBluetooth
0x00007fff6aa09000 	/System/Library/PrivateFrameworks/SignpostNotification.framework/Versions/A/SignpostNotification
0x00007fff5e13c000 	/System/Library/PrivateFrameworks/DebugSymbols.framework/Versions/A/DebugSymbols
0x00007fff5db42000 	/System/Library/PrivateFrameworks/CoreSymbolication.framework/Versions/A/CoreSymbolication
0x00007fff6ccf1000 	/System/Library/PrivateFrameworks/Symbolication.framework/Versions/A/Symbolication
0x00007fff59ac5000 	/System/Library/PrivateFrameworks/AppleFSCompression.framework/Versions/A/AppleFSCompression
0x00007fff6c152000 	/System/Library/PrivateFrameworks/SpeechRecognitionCore.framework/Versions/A/SpeechRecognitionCore
0x0000000101400000 	/Library/Java/JavaVirtualMachines/jdk-9.0.1.jdk/Contents/Home/lib/server/libjvm.dylib
0x00007fff7130a000 	/usr/lib/libstdc++.6.0.9.dylib
0x0000000100a19000 	/Library/Java/JavaVirtualMachines/jdk-9.0.1.jdk/Contents/Home/lib/libverify.dylib
0x0000000100a26000 	/Library/Java/JavaVirtualMachines/jdk-9.0.1.jdk/Contents/Home/lib/libjava.dylib
0x0000000100a5c000 	/Library/Java/JavaVirtualMachines/jdk-9.0.1.jdk/Contents/Home/lib/libinstrument.dylib
0x0000000100af1000 	/Library/Java/JavaVirtualMachines/jdk-9.0.1.jdk/Contents/Home/lib/libzip.dylib
0x0000000100af9000 	/Library/Java/JavaVirtualMachines/jdk-9.0.1.jdk/Contents/Home/lib/libjimage.dylib
0x000000010fb69000 	/Library/Java/JavaVirtualMachines/jdk-9.0.1.jdk/Contents/Home/lib/libnio.dylib
0x000000010fb79000 	/Library/Java/JavaVirtualMachines/jdk-9.0.1.jdk/Contents/Home/lib/./libnet.dylib
0x000000010fc3a000 	/Library/Java/JavaVirtualMachines/jdk-9.0.1.jdk/Contents/Home/lib/libawt.dylib
0x000000010fcdf000 	/Library/Java/JavaVirtualMachines/jdk-9.0.1.jdk/Contents/Home/lib/./libmlib_image.dylib
0x00007fff4da18000 	/System/Library/Frameworks/JavaVM.framework/Versions/A/Frameworks/JavaNativeFoundation.framework/Versions/A/JavaNativeFoundation
0x00007fff4da21000 	/System/Library/Frameworks/JavaVM.framework/Versions/A/Frameworks/JavaRuntimeSupport.framework/Versions/A/JavaRuntimeSupport
0x00007fff4da2a000 	/System/Library/Frameworks/JavaVM.framework/Versions/A/JavaVM
0x00007fff643b9000 	/System/Library/PrivateFrameworks/JavaLaunching.framework/Versions/A/JavaLaunching
0x00007fff49122000 	/System/Library/Frameworks/Carbon.framework/Versions/A/Carbon
0x00007fff49123000 	/System/Library/Frameworks/Carbon.framework/Versions/A/Frameworks/CommonPanels.framework/Versions/A/CommonPanels
0x00007fff4942d000 	/System/Library/Frameworks/Carbon.framework/Versions/A/Frameworks/Help.framework/Versions/A/Help
0x00007fff49431000 	/System/Library/Frameworks/Carbon.framework/Versions/A/Frameworks/ImageCapture.framework/Versions/A/ImageCapture
0x00007fff494cd000 	/System/Library/Frameworks/Carbon.framework/Versions/A/Frameworks/OpenScripting.framework/Versions/A/OpenScripting
0x00007fff49508000 	/System/Library/Frameworks/Carbon.framework/Versions/A/Frameworks/Print.framework/Versions/A/Print
0x00007fff4950a000 	/System/Library/Frameworks/Carbon.framework/Versions/A/Frameworks/SecurityHI.framework/Versions/A/SecurityHI
0x000000012a7a0000 	/Library/Java/JavaVirtualMachines/jdk-9.0.1.jdk/Contents/Home/lib/libawt_lwawt.dylib
0x000000010fd4d000 	/Library/Java/JavaVirtualMachines/jdk-9.0.1.jdk/Contents/Home/lib/./libosxapp.dylib
0x00007fff4bec9000 	/System/Library/Frameworks/ExceptionHandling.framework/Versions/A/ExceptionHandling
0x000000012aa4e000 	/Library/Java/JavaVirtualMachines/jdk-9.0.1.jdk/Contents/Home/lib/libfontmanager.dylib
0x00007fff5d7c2000 	/System/Library/PrivateFrameworks/CoreServicesInternal.framework/Versions/A/CoreServicesInternal
0x00007fff424e2000 	/System/Library/CoreServices/RawCamera.bundle/Contents/MacOS/RawCamera
0x00007fff652cc000 	/System/Library/PrivateFrameworks/MobileAsset.framework/Versions/A/MobileAsset
0x00007fff6c5f8000 	/System/Library/PrivateFrameworks/StreamingZip.framework/Versions/A/StreamingZip
0x00007fff4ddaa000 	/System/Library/Frameworks/MediaToolbox.framework/Versions/A/MediaToolbox
0x00007fff5c541000 	/System/Library/PrivateFrameworks/CoreAVCHD.framework/Versions/A/CoreAVCHD
0x00007fff4dd00000 	/System/Library/Frameworks/MediaAccessibility.framework/Versions/A/MediaAccessibility
0x00007fff64e1d000 	/System/Library/PrivateFrameworks/Mangrove.framework/Versions/A/Mangrove
0x00007fff4ade9000 	/System/Library/Frameworks/CoreMedia.framework/Versions/A/CoreMedia
0x00007fff5637e000 	/System/Library/Frameworks/VideoToolbox.framework/Versions/A/VideoToolbox
0x00007fff5c160000 	/System/Library/PrivateFrameworks/CoreAUC.framework/Versions/A/CoreAUC
0x00007fff71073000 	/usr/lib/libspindump.dylib
0x00007fff70094000 	/usr/lib/libdscsym.dylib
0x00007fff59d88000 	/System/Library/PrivateFrameworks/AppleVA.framework/Versions/A/AppleVA
0x00007fff463a2000 	/System/Library/Frameworks/Accelerate.framework/Versions/A/Frameworks/vImage.framework/Versions/A/Libraries/libCGInterfaces.dylib
0x00007fff485a1000 	/System/Library/Frameworks/ApplicationServices.framework/Versions/A/Frameworks/ATS.framework/Versions/A/Resources/libTrueTypeScaler.dylib
0x00007fff54115000 	/System/Library/Frameworks/OpenGL.framework/Versions/A/Resources/GLEngine.bundle/GLEngine
0x00007fff535e3000 	/System/Library/Frameworks/OpenGL.framework/Versions/A/Libraries/libGLProgrammability.dylib
0x000000012ce43000 	/System/Library/Extensions/AppleIntelHD5000GraphicsGLDriver.bundle/Contents/MacOS/AppleIntelHD5000GraphicsGLDriver
0x00007fff62717000 	/System/Library/PrivateFrameworks/GPUSupport.framework/Versions/A/Libraries/libGPUSupportMercury.dylib
0x00007fff542ad000 	/System/Library/Frameworks/OpenGL.framework/Versions/A/Resources/GLRendererFloat.bundle/GLRendererFloat
0x00007fff52387000 	/System/Library/Frameworks/OpenCL.framework/Versions/A/Libraries/libcldcpuengine.dylib
0x00007fff6fc85000 	/usr/lib/libcrypto.35.dylib
0x00007fff6d5dc000 	/System/Library/PrivateFrameworks/TrustEvaluationAgent.framework/Versions/A/TrustEvaluationAgent
0x00007fff43d75000 	/System/Library/Extensions/AppleIntelHD5000GraphicsMTLDriver.bundle/Contents/MacOS/AppleIntelHD5000GraphicsMTLDriver
0x00007fff610b7000 	/System/Library/PrivateFrameworks/GPUCompiler.framework/Versions/3802/Libraries/libmetal_timestamp.dylib
0x000000012e1c1000 	/Library/Java/JavaVirtualMachines/jdk-9.0.1.jdk/Contents/Home/lib/libosxui.dylib
0x00007fff6e45b000 	/System/Library/PrivateFrameworks/ViewBridge.framework/Versions/A/ViewBridge
0x000000012aa48000 	/private/var/folders/g7/_p5l1l712gx_wgzv98d5k2g40000gn/T/jogamp_0000/file_cache/jln8455070026010416375/jln2761797122473475387/natives/macosx-universal/libgluegen-rt.jnilib
0x000000012abc9000 	/private/var/folders/g7/_p5l1l712gx_wgzv98d5k2g40000gn/T/jogamp_0000/file_cache/jln8455070026010416375/jln2761797122473475387/natives/macosx-universal/libnativewindow_awt.jnilib
0x000000012abcc000 	/Library/Java/JavaVirtualMachines/jdk-9.0.1.jdk/Contents/Home/lib/libjawt.dylib
0x000000012c89d000 	/private/var/folders/g7/_p5l1l712gx_wgzv98d5k2g40000gn/T/jogamp_0000/file_cache/jln8455070026010416375/jln2761797122473475387/natives/macosx-universal/libnativewindow_macosx.jnilib
0x000000012ca6f000 	/private/var/folders/g7/_p5l1l712gx_wgzv98d5k2g40000gn/T/jogamp_0000/file_cache/jln8455070026010416375/jln2761797122473475387/natives/macosx-universal/libjogl_desktop.jnilib
0x000000012cb43000 	/private/var/folders/g7/_p5l1l712gx_wgzv98d5k2g40000gn/T/jogamp_0000/file_cache/jln8455070026010416375/jln2761797122473475387/natives/macosx-universal/libjogl_mobile.jnilib

VM Arguments:
jvm_args: -javaagent:/Applications/IntelliJ IDEA.app/Contents/lib/idea_rt.jar=53928:/Applications/IntelliJ IDEA.app/Contents/bin -Dfile.encoding=UTF-8 
java_command: Hierarchical
java_class_path (initial): /Users/evanszhang/IdeaProjects/OpenGL-Assignment2/out/production/OpenGL-Assignment2:/Users/evanszhang/IdeaProjects/OpenGL-Assignment2/lib/vecmath.jar:/Users/evanszhang/IdeaProjects/OpenGL-Assignment2/lib/gluegen-rt-natives-windows-amd64.jar:/Users/evanszhang/IdeaProjects/OpenGL-Assignment2/lib/gluegen-rt.jar:/Users/evanszhang/IdeaProjects/OpenGL-Assignment2/lib/jogl-all-natives-windows-amd64.jar:/Users/evanszhang/IdeaProjects/OpenGL-Assignment2/lib/jogl-all.jar:/Users/evanszhang/IdeaProjects/OpenGL-Assignment2
Launcher Type: SUN_STANDARD

Logging:
Log output configuration:
#0: stdout all=warning uptime,level,tags
#1: stderr all=off uptime,level,tags

Environment Variables:
PATH=/Library/Frameworks/Python.framework/Versions/3.6/bin:/usr/bin:/bin:/usr/sbin:/sbin:/usr/local/bin
SHELL=/bin/bash

Signal Handlers:
SIGSEGV: [libjvm.dylib+0x73e2dc], sa_mask[0]=11111111011111110111111111111111, sa_flags=SA_ONSTACK|SA_RESTART|SA_SIGINFO
SIGBUS: [libjvm.dylib+0x73e2dc], sa_mask[0]=11111111011111110111111111111111, sa_flags=SA_RESTART|SA_SIGINFO
SIGFPE: [libjvm.dylib+0x73e2dc], sa_mask[0]=11111111011111110111111111111111, sa_flags=SA_RESTART|SA_SIGINFO
SIGPIPE: [libjvm.dylib+0x5f15ac], sa_mask[0]=11111111011111110111111111111111, sa_flags=SA_RESTART|SA_SIGINFO
SIGXFSZ: [libjvm.dylib+0x5f15ac], sa_mask[0]=11111111011111110111111111111111, sa_flags=SA_RESTART|SA_SIGINFO
SIGILL: [libjvm.dylib+0x73e2dc], sa_mask[0]=11111111011111110111111111111111, sa_flags=SA_RESTART|SA_SIGINFO
SIGUSR2: [libjvm.dylib+0x5f1e3c], sa_mask[0]=00100000000000000000000000000000, sa_flags=SA_RESTART|SA_SIGINFO
SIGHUP: [libjvm.dylib+0x5f0679], sa_mask[0]=11111111011111110111111111111111, sa_flags=SA_RESTART|SA_SIGINFO
SIGINT: [libjvm.dylib+0x5f0679], sa_mask[0]=11111111011111110111111111111111, sa_flags=SA_RESTART|SA_SIGINFO
SIGTERM: [libjvm.dylib+0x5f0679], sa_mask[0]=11111111011111110111111111111111, sa_flags=SA_RESTART|SA_SIGINFO
SIGQUIT: [libjvm.dylib+0x5f0679], sa_mask[0]=11111111011111110111111111111111, sa_flags=SA_RESTART|SA_SIGINFO


---------------  S Y S T E M  ---------------

OS:uname:Darwin 17.4.0 Darwin Kernel Version 17.4.0: Sun Dec 17 09:19:54 PST 2017; root:xnu-4570.41.2~1/RELEASE_X86_64 x86_64
rlimit: STACK 8192k, CORE 0k, NPROC 1418, NOFILE 10240, AS infinity
load average:4.00 3.35 2.68

CPU:total 4 (initial active 4) (2 cores per cpu, 2 threads per core) family 6 model 69 stepping 1, cmov, cx8, fxsr, mmx, sse, sse2, sse3, ssse3, sse4.1, sse4.2, popcnt, avx, avx2, aes, clmul, erms, lzcnt, ht, tsc, tscinvbit, bmi1, bmi2, fma

Memory: 4k page, physical 16777216k(2634864k free)

vm_info: Java HotSpot(TM) 64-Bit Server VM (9.0.1+11) for bsd-amd64 JRE (9.0.1+11), built on Sep 28 2017 03:49:57 by "mach5one" with gcc 4.2.1 Compatible Apple LLVM 6.1.0 (clang-602.0.49)

END.
